python.exe : C:\Users\Marc\Desktop\Orbit Wars\tools\bc_warmstart.py:20: SyntaxWarning: invalid escape sequence '\.'
At line:1 char:32
+ ... NG='utf-8'; & '.\.venv-gpu\Scripts\python.exe' -m tools.bc_warmstart  ...
+                 ~~~~~~~~~~~~~~~~~~~~~~~~~~~~~~~~~~~~~~~~~~~~~~~~~~~~~~~~~
    + CategoryInfo          : NotSpecified: (C:\Users\Marc\D...e sequence '\.':String) [], RemoteException
    + FullyQualifiedErrorId : NativeCommandError
 
  .\.venv-gpu\Scripts\python.exe -m tools.bc_warmstart \
device: cuda
=== BC warm-start ===
cfg: backbone_channels=64  n_blocks=6  n_action_channels=8
collecting demos: 60 self-play games
Loading environment open_spiel_env failed: No module named 'pokerkit'
Loading environment werewolf failed: No module named 'pydantic'
  game 10/60  demos=10676  wall=76s
  game 20/60  demos=20906  wall=164s
  game 30/60  demos=28641  wall=222s
  game 40/60  demos=39590  wall=306s
  game 50/60  demos=50004  wall=380s
  game 60/60  demos=60393  wall=465s
cached 60,393 demos to runs\bc_demos.npz
label histogram:
  0: bucket=0 frac=0.5   n=6876   (11.4%)
  1: bucket=0 frac=1.0   n=7823   (13.0%)
  2: bucket=1 frac=0.5   n=7329   (12.1%)
  3: bucket=1 frac=1.0   n=8262   (13.7%)
  4: bucket=2 frac=0.5   n=6817   (11.3%)
  5: bucket=2 frac=1.0   n=7721   (12.8%)
  6: bucket=3 frac=0.5   n=7348   (12.2%)
  7: bucket=3 frac=1.0   n=8217   (13.6%)
majority-class baseline: 0.137  random-guess baseline: 0.125
tensors: x=(60393, 12, 50, 50)  labels=(60393,)  device=cuda:0  train=54,354 val=6,039
model params: 460,617
