device: cpu
=== BC warm-start ===
cfg: backbone_channels=32  n_blocks=3  n_action_channels=8
loaded 60,393 cached demos from runs\bc_demos.npz (x=(60393, 12, 50, 50))
label histogram:
  0: bucket=0 frac=0.5   n=6876   (11.4%)
  1: bucket=0 frac=1.0   n=7823   (13.0%)
  2: bucket=1 frac=0.5   n=7329   (12.1%)
  3: bucket=1 frac=1.0   n=8262   (13.7%)
  4: bucket=2 frac=0.5   n=6817   (11.3%)
  5: bucket=2 frac=1.0   n=7721   (12.8%)
  6: bucket=3 frac=0.5   n=7348   (12.2%)
  7: bucket=3 frac=1.0   n=8217   (13.6%)
majority-class baseline: 0.137  random-guess baseline: 0.125
tensors: x=(60393, 12, 50, 50)  labels=(60393,)  device=cpu  train=54,354 val=6,039
model params: 63,977
  epoch  1/10 * lr=3.00e-04  tr_loss=1.7603 tr_acc=0.326  va_loss=1.5740 va_acc=0.402  best_va=0.402
  epoch  2/10 * lr=2.93e-04  tr_loss=1.4427 tr_acc=0.462  va_loss=1.4101 va_acc=0.476  best_va=0.476
  epoch  3/10 * lr=2.72e-04  tr_loss=1.3566 tr_acc=0.493  va_loss=1.4025 va_acc=0.476  best_va=0.476
  epoch  4/10 * lr=2.39e-04  tr_loss=1.3145 tr_acc=0.507  va_loss=1.3577 va_acc=0.493  best_va=0.493
  epoch  5/10 * lr=1.97e-04  tr_loss=1.2791 tr_acc=0.520  va_loss=1.3235 va_acc=0.497  best_va=0.497
