Loading environment open_spiel_env failed: No module named 'pokerkit'
Loading environment werewolf failed: No module named 'pydantic'
Loading environment open_spiel_env failed: No module named 'pokerkit'
Loading environment werewolf failed: No module named 'pydantic'
Loading environment open_spiel_env failed: No module named 'pokerkit'
Loading environment werewolf failed: No module named 'pydantic'
Loading environment open_spiel_env failed: No module named 'pokerkit'
Loading environment werewolf failed: No module named 'pydantic'
Loading environment open_spiel_env failed: No module named 'pokerkit'
Loading environment werewolf failed: No module named 'pydantic'
Loading environment open_spiel_env failed: No module named 'pokerkit'
Loading environment werewolf failed: No module named 'pydantic'
Loading environment open_spiel_env failed: No module named 'pokerkit'
Loading environment werewolf failed: No module named 'pydantic'

=== compare_weights ===
pool=w2  games/opp=10  step_timeout=1.0  workers=7
A=turbo_v2  B=defaults
[turbo_v2] n=90  win_rate=0.833  hard=0.833  wall=196s
Loading environment open_spiel_env failed: No module named 'pokerkit'
Loading environment werewolf failed: No module named 'pydantic'
Loading environment open_spiel_env failed: No module named 'pokerkit'
Loading environment werewolf failed: No module named 'pydantic'
Loading environment open_spiel_env failed: No module named 'pokerkit'
Loading environment werewolf failed: No module named 'pydantic'
Loading environment open_spiel_env failed: No module named 'pokerkit'
Loading environment werewolf failed: No module named 'pydantic'
Loading environment open_spiel_env failed: No module named 'pokerkit'
Loading environment werewolf failed: No module named 'pydantic'
Loading environment open_spiel_env failed: No module named 'pokerkit'
Loading environment werewolf failed: No module named 'pydantic'
[defaults] n=90  win_rate=0.600  hard=0.600  wall=264s

=== Summary ===
turbo_v2_wr - defaults_wr = +0.233  (95% CI: +0.106, +0.361)
paired-game: turbo_v2 > defaults on 61.7% of seeds  (SE 0.051)

Per-opponent delta (turbo_v2 - defaults):
  comet_camper    0.400 vs 0.100 = +0.300  (n=10/10)
  defender        1.000 vs 1.000 = +0.000  (n=10/10)
  economy         1.000 vs 0.600 = +0.400  (n=10/10)
  harasser        0.700 vs 0.300 = +0.400  (n=10/10)
  opportunist     1.000 vs 0.300 = +0.700  (n=10/10)
  random          1.000 vs 1.000 = +0.000  (n=10/10)
  rusher          0.400 vs 0.500 = -0.100  (n=10/10)
  starter         1.000 vs 0.700 = +0.300  (n=10/10)
  turtler         1.000 vs 0.900 = +0.100  (n=10/10)

Written: runs\compare_turbo_v2_vs_defaults.json
