C:\Users\Marc\Desktop\Orbit Wars\src\orbitwars\tune\turbo_runner.py:196: DeprecationWarning: The `AxClient` class is deprecated and will be removed in Ax 1.4.0. Please migrate to the modern Ax API / `Client` class, found under ax/api. For example usage, check out the tutorials at https://ax.dev 
  self.client = AxClient(random_seed=seed)
[WARNING 04-25 12:00:35] ax.service.ax_client: Random seed set to 2. Note that this setting only affects the Sobol quasi-random generator and BoTorch-powered Bayesian optimization models. For the latter models, setting random seed to the same number for two optimizations will make the generated trials similar, but not exactly the same, and over time the trials will diverge more.
[INFO 04-25 12:00:35] ax.generation_strategy.dispatch_utils: Using Generators.BOTORCH_MODULAR since there is at least one ordered parameter and there are no unordered categorical parameters.
[INFO 04-25 12:00:35] ax.generation_strategy.dispatch_utils: Using Bayesian Optimization generation strategy: GenerationStrategy(name='GenerationStep_0_Sobol+GenerationStep_1_BoTorch', nodes=[GenerationNode(name='GenerationStep_0_Sobol', generator_specs=[GeneratorSpec(generator_enum=Sobol, generator_key_override=None)], transition_criteria=[MinTrials(transition_to='GenerationStep_1_BoTorch'), MinTrials(transition_to='GenerationStep_1_BoTorch')], pausing_criteria=[MaxTrialsAwaitingData(threshold=36)]), GenerationNode(name='GenerationStep_1_BoTorch', generator_specs=[GeneratorSpec(generator_enum=BoTorch, generator_key_override=None)], transition_criteria=None, pausing_criteria=[MaxGenerationParallelism(threshold=3)])]). Iterations after 36 will take longer to generate due to model-fitting.
[INFO 04-25 12:00:35] ax.service.ax_client: Generated new trial 0 with parameters {'w_production': 32.215532, 'w_ships_cost': 0.484432, 'w_distance_cost': 0.005929, 'w_travel_cost': 1.920096, 'mult_neutral': 3.861678, 'mult_enemy': 3.102306, 'mult_comet': 7.456478, 'mult_reinforce_ally': 0.234609, 'ships_safety_margin': 2.436084, 'min_launch_size': 41.522267, 'max_launch_fraction': 0.679596, 'expand_cooldown_turns': 0.200664, 'keep_reserve_ships': 1.704181, 'agg_early_game': 0.941179, 'early_game_cutoff_turn': 234.822732, 'sun_avoidance_epsilon': 0.005726, 'comet_max_time_mismatch': 7.52278, 'expand_bias': 0.756333} using model Sobol.
Loading environment open_spiel_env failed: No module named 'pokerkit'
Loading environment werewolf failed: No module named 'pydantic'
Loading environment open_spiel_env failed: No module named 'pokerkit'
Loading environment werewolf failed: No module named 'pydantic'
Loading environment open_spiel_env failed: No module named 'pokerkit'
Loading environment werewolf failed: No module named 'pydantic'
Loading environment open_spiel_env failed: No module named 'pokerkit'
Loading environment werewolf failed: No module named 'pydantic'
Loading environment open_spiel_env failed: No module named 'pokerkit'
Loading environment werewolf failed: No module named 'pydantic'
Loading environment open_spiel_env failed: No module named 'pokerkit'
Loading environment werewolf failed: No module named 'pydantic'
Loading environment open_spiel_env failed: No module named 'pokerkit'
Loading environment werewolf failed: No module named 'pydantic'
[INFO 04-25 12:02:53] ax.service.ax_client: Completed trial 0 with data: {'win_rate': 0.555556}.
Loading environment open_spiel_env failed: No module named 'pokerkit'
Loading environment werewolf failed: No module named 'pydantic'
[t=  0] win=0.556 hard=0.556 n=45 137.7s best_so_far=0.556
[INFO 04-25 12:02:53] ax.service.ax_client: Generated new trial 1 with parameters {'w_production': 17.562312, 'w_ships_cost': 0.007211, 'w_distance_cost': 0.297356, 'w_travel_cost': 0.672876, 'mult_neutral': 1.158902, 'mult_enemy': 6.128898, 'mult_comet': 1.817743, 'mult_reinforce_ally': 0.340239, 'ships_safety_margin': 0.325239, 'min_launch_size': 18.354844, 'max_launch_fraction': 0.770977, 'expand_cooldown_turns': 7.753284, 'keep_reserve_ships': 1.252014, 'agg_early_game': 1.895139, 'early_game_cutoff_turn': 75.181377, 'sun_avoidance_epsilon': 0.034627, 'comet_max_time_mismatch': 5.321731, 'expand_bias': 1.154897} using model Sobol.
Loading environment open_spiel_env failed: No module named 'pokerkit'
Loading environment werewolf failed: No module named 'pydantic'
Loading environment open_spiel_env failed: No module named 'pokerkit'
Loading environment werewolf failed: No module named 'pydantic'
Loading environment open_spiel_env failed: No module named 'pokerkit'
Loading environment werewolf failed: No module named 'pydantic'
Loading environment open_spiel_env failed: No module named 'pokerkit'
Loading environment werewolf failed: No module named 'pydantic'
Loading environment open_spiel_env failed: No module named 'pokerkit'
Loading environment werewolf failed: No module named 'pydantic'
Loading environment open_spiel_env failed: No module named 'pokerkit'
Loading environment werewolf failed: No module named 'pydantic'
[INFO 04-25 12:03:51] ax.service.ax_client: Completed trial 1 with data: {'win_rate': 0.844444}.
[t=  1] win=0.844 hard=0.844 n=45  58.2s best_so_far=0.844
[INFO 04-25 12:03:51] ax.service.ax_client: Generated new trial 2 with parameters {'w_production': 9.350769, 'w_ships_cost': 0.273213, 'w_distance_cost': 0.088402, 'w_travel_cost': 2.93899, 'mult_neutral': 1.91753, 'mult_enemy': 7.866394, 'mult_comet': 9.555662, 'mult_reinforce_ally': 0.464306, 'ships_safety_margin': 1.079059, 'min_launch_size': 23.825029, 'max_launch_fraction': 0.922752, 'expand_cooldown_turns': 4.415314, 'keep_reserve_ships': 2.717768, 'agg_early_game': 0.74322, 'early_game_cutoff_turn': 56.253589, 'sun_avoidance_epsilon': 0.022405, 'comet_max_time_mismatch': 1.548915, 'expand_bias': 0.134726} using model Sobol.
Loading environment open_spiel_env failed: No module named 'pokerkit'
Loading environment werewolf failed: No module named 'pydantic'
Loading environment open_spiel_env failed: No module named 'pokerkit'
Loading environment werewolf failed: No module named 'pydantic'
Loading environment open_spiel_env failed: No module named 'pokerkit'
Loading environment werewolf failed: No module named 'pydantic'
Loading environment open_spiel_env failed: No module named 'pokerkit'
Loading environment werewolf failed: No module named 'pydantic'
Loading environment open_spiel_env failed: No module named 'pokerkit'
Loading environment werewolf failed: No module named 'pydantic'
Loading environment open_spiel_env failed: No module named 'pokerkit'
Loading environment werewolf failed: No module named 'pydantic'
[INFO 04-25 12:06:01] ax.service.ax_client: Completed trial 2 with data: {'win_rate': 0.733333}.
[t=  2] win=0.733 hard=0.733 n=45 130.4s best_so_far=0.844
[INFO 04-25 12:06:01] ax.service.ax_client: Generated new trial 3 with parameters {'w_production': 22.943889, 'w_ships_cost': 0.219391, 'w_distance_cost': 0.210786, 'w_travel_cost': 1.130547, 'mult_neutral': 2.721625, 'mult_enemy': 4.704653, 'mult_comet': 3.943282, 'mult_reinforce_ally': 0.116364, 'ships_safety_margin': 1.596204, 'min_launch_size': 35.740003, 'max_launch_fraction': 0.518031, 'expand_cooldown_turns': 3.600959, 'keep_reserve_ships': 0.331799, 'agg_early_game': 1.954927, 'early_game_cutoff_turn': 215.94817, 'sun_avoidance_epsilon': 0.043491, 'comet_max_time_mismatch': 8.206154, 'expand_bias': 1.766681} using model Sobol.
Loading environment open_spiel_env failed: No module named 'pokerkit'
Loading environment werewolf failed: No module named 'pydantic'
Loading environment open_spiel_env failed: No module named 'pokerkit'
Loading environment werewolf failed: No module named 'pydantic'
Loading environment open_spiel_env failed: No module named 'pokerkit'
Loading environment werewolf failed: No module named 'pydantic'
Loading environment open_spiel_env failed: No module named 'pokerkit'
Loading environment werewolf failed: No module named 'pydantic'
Loading environment open_spiel_env failed: No module named 'pokerkit'
Loading environment werewolf failed: No module named 'pydantic'
Loading environment open_spiel_env failed: No module named 'pokerkit'
Loading environment werewolf failed: No module named 'pydantic'
Loading environment open_spiel_env failed: No module named 'pokerkit'
Loading environment werewolf failed: No module named 'pydantic'
[INFO 04-25 12:07:36] ax.service.ax_client: Completed trial 3 with data: {'win_rate': 0.688889}.
[t=  3] win=0.689 hard=0.689 n=45  94.8s best_so_far=0.844
[INFO 04-25 12:07:36] ax.service.ax_client: Generated new trial 4 with parameters {'w_production': 30.377286, 'w_ships_cost': 0.35472, 'w_distance_cost': 0.2495, 'w_travel_cost': 1.104835, 'mult_neutral': 2.254396, 'mult_enemy': 1.991973, 'mult_comet': 7.752766, 'mult_reinforce_ally': 0.381666, 'ships_safety_margin': 1.144613, 'min_launch_size': 12.454729, 'max_launch_fraction': 0.955679, 'expand_cooldown_turns': 2.388143, 'keep_reserve_ships': 2.597543, 'agg_early_game': 1.478353, 'early_game_cutoff_turn': 168.702831, 'sun_avoidance_epsilon': 0.045806, 'comet_max_time_mismatch': 9.505577, 'expand_bias': 1.604867} using model Sobol.
Loading environment open_spiel_env failed: No module named 'pokerkit'
Loading environment werewolf failed: No module named 'pydantic'
Loading environment open_spiel_env failed: No module named 'pokerkit'
Loading environment werewolf failed: No module named 'pydantic'
Loading environment open_spiel_env failed: No module named 'pokerkit'
Loading environment werewolf failed: No module named 'pydantic'
Loading environment open_spiel_env failed: No module named 'pokerkit'
Loading environment werewolf failed: No module named 'pydantic'
Loading environment open_spiel_env failed: No module named 'pokerkit'
Loading environment werewolf failed: No module named 'pydantic'
Loading environment open_spiel_env failed: No module named 'pokerkit'
Loading environment werewolf failed: No module named 'pydantic'
Loading environment open_spiel_env failed: No module named 'pokerkit'
Loading environment werewolf failed: No module named 'pydantic'
[INFO 04-25 12:10:51] ax.service.ax_client: Completed trial 4 with data: {'win_rate': 0.666667}.
[t=  4] win=0.667 hard=0.667 n=45 194.8s best_so_far=0.844
[INFO 04-25 12:10:51] ax.service.ax_client: Generated new trial 5 with parameters {'w_production': 10.118625, 'w_ships_cost': 0.152674, 'w_distance_cost': 0.051972, 'w_travel_cost': 2.30811, 'mult_neutral': 1.450305, 'mult_enemy': 7.401826, 'mult_comet': 4.407976, 'mult_reinforce_ally': 0.041541, 'ships_safety_margin': 2.127574, 'min_launch_size': 48.039144, 'max_launch_fraction': 0.60943, 'expand_cooldown_turns': 5.565747, 'keep_reserve_ships': 0.446182, 'agg_early_game': 1.349505, 'early_game_cutoff_turn': 9.026569, 'sun_avoidance_epsilon': 0.013791, 'comet_max_time_mismatch': 2.776931, 'expand_bias': 0.487805} using model Sobol.
Loading environment open_spiel_env failed: No module named 'pokerkit'
Loading environment werewolf failed: No module named 'pydantic'
Loading environment open_spiel_env failed: No module named 'pokerkit'
Loading environment werewolf failed: No module named 'pydantic'
Loading environment open_spiel_env failed: No module named 'pokerkit'
Loading environment werewolf failed: No module named 'pydantic'
Loading environment open_spiel_env failed: No module named 'pokerkit'
Loading environment werewolf failed: No module named 'pydantic'
Loading environment open_spiel_env failed: No module named 'pokerkit'
Loading environment werewolf failed: No module named 'pydantic'
Loading environment open_spiel_env failed: No module named 'pokerkit'
Loading environment werewolf failed: No module named 'pydantic'
Loading environment open_spiel_env failed: No module named 'pokerkit'
Loading environment werewolf failed: No module named 'pydantic'
[INFO 04-25 12:12:53] ax.service.ax_client: Completed trial 5 with data: {'win_rate': 0.555556}.
[t=  5] win=0.556 hard=0.556 n=45 122.1s best_so_far=0.844
[INFO 04-25 12:12:53] ax.service.ax_client: Generated new trial 6 with parameters {'w_production': 18.296255, 'w_ships_cost': 0.387641, 'w_distance_cost': 0.181094, 'w_travel_cost': 0.085941, 'mult_neutral': 0.747645, 'mult_enemy': 9.040396, 'mult_comet': 5.673437, 'mult_reinforce_ally': 0.169543, 'ships_safety_margin': 2.840017, 'min_launch_size': 34.756574, 'max_launch_fraction': 0.70856, 'expand_cooldown_turns': 6.227815, 'keep_reserve_ships': 2.006052, 'agg_early_game': 2.363073, 'early_game_cutoff_turn': 140.133864, 'sun_avoidance_epsilon': 0.02605, 'comet_max_time_mismatch': 3.530669, 'expand_bias': 1.473556} using model Sobol.
Loading environment open_spiel_env failed: No module named 'pokerkit'
Loading environment werewolf failed: No module named 'pydantic'
Loading environment open_spiel_env failed: No module named 'pokerkit'
Loading environment werewolf failed: No module named 'pydantic'
Loading environment open_spiel_env failed: No module named 'pokerkit'
Loading environment werewolf failed: No module named 'pydantic'
Loading environment open_spiel_env failed: No module named 'pokerkit'
Loading environment werewolf failed: No module named 'pydantic'
Loading environment open_spiel_env failed: No module named 'pokerkit'
Loading environment werewolf failed: No module named 'pydantic'
Loading environment open_spiel_env failed: No module named 'pokerkit'
Loading environment werewolf failed: No module named 'pydantic'
Loading environment open_spiel_env failed: No module named 'pokerkit'
Loading environment werewolf failed: No module named 'pydantic'
[INFO 04-25 12:13:56] ax.service.ax_client: Completed trial 6 with data: {'win_rate': 0.711111}.
[t=  6] win=0.711 hard=0.711 n=45  63.0s best_so_far=0.844
[INFO 04-25 12:13:56] ax.service.ax_client: Generated new trial 7 with parameters {'w_production': 39.682307, 'w_ships_cost': 0.120714, 'w_distance_cost': 0.115109, 'w_travel_cost': 1.850439, 'mult_neutral': 3.450419, 'mult_enemy': 3.763563, 'mult_comet': 2.267111, 'mult_reinforce_ally': 0.251733, 'ships_safety_margin': 0.450847, 'min_launch_size': 25.424608, 'max_launch_fraction': 0.866225, 'expand_cooldown_turns': 1.788507, 'keep_reserve_ships': 0.944278, 'agg_early_game': 0.326346, 'early_game_cutoff_turn': 299.793541, 'sun_avoidance_epsilon': 0.008101, 'comet_max_time_mismatch': 5.6625, 'expand_bias': 0.621134} using model Sobol.
Loading environment open_spiel_env failed: No module named 'pokerkit'
Loading environment werewolf failed: No module named 'pydantic'
Loading environment open_spiel_env failed: No module named 'pokerkit'
Loading environment werewolf failed: No module named 'pydantic'
Loading environment open_spiel_env failed: No module named 'pokerkit'
Loading environment werewolf failed: No module named 'pydantic'
Loading environment open_spiel_env failed: No module named 'pokerkit'
Loading environment werewolf failed: No module named 'pydantic'
Loading environment open_spiel_env failed: No module named 'pokerkit'
Loading environment werewolf failed: No module named 'pydantic'
Loading environment open_spiel_env failed: No module named 'pokerkit'
Loading environment werewolf failed: No module named 'pydantic'
Loading environment open_spiel_env failed: No module named 'pokerkit'
Loading environment werewolf failed: No module named 'pydantic'
[INFO 04-25 12:15:53] ax.service.ax_client: Completed trial 7 with data: {'win_rate': 0.8}.
[t=  7] win=0.800 hard=0.800 n=45 117.5s best_so_far=0.844
[INFO 04-25 12:15:54] ax.service.ax_client: Generated new trial 8 with parameters {'w_production': 35.665645, 'w_ships_cost': 0.310499, 'w_distance_cost': 0.152879, 'w_travel_cost': 2.529037, 'mult_neutral': 1.07032, 'mult_enemy': 4.996357, 'mult_comet': 8.671015, 'mult_reinforce_ally': 0.4154, 'ships_safety_margin': 1.3619, 'min_launch_size': 38.981424, 'max_launch_fraction': 0.835762, 'expand_cooldown_turns': 0.922206, 'keep_reserve_ships': 0.622216, 'agg_early_game': 2.285155, 'early_game_cutoff_turn': 51.655472, 'sun_avoidance_epsilon': 0.049933, 'comet_max_time_mismatch': 2.019745, 'expand_bias': 1.943151} using model Sobol.
Loading environment open_spiel_env failed: No module named 'pokerkit'
Loading environment werewolf failed: No module named 'pydantic'
Loading environment open_spiel_env failed: No module named 'pokerkit'
Loading environment werewolf failed: No module named 'pydantic'
Loading environment open_spiel_env failed: No module named 'pokerkit'
Loading environment werewolf failed: No module named 'pydantic'
Loading environment open_spiel_env failed: No module named 'pokerkit'
Loading environment werewolf failed: No module named 'pydantic'
Loading environment open_spiel_env failed: No module named 'pokerkit'
Loading environment werewolf failed: No module named 'pydantic'
Loading environment open_spiel_env failed: No module named 'pokerkit'
Loading environment werewolf failed: No module named 'pydantic'
Loading environment open_spiel_env failed: No module named 'pokerkit'
Loading environment werewolf failed: No module named 'pydantic'
[INFO 04-25 12:17:30] ax.service.ax_client: Completed trial 8 with data: {'win_rate': 0.844444}.
[t=  8] win=0.844 hard=0.844 n=45  96.9s best_so_far=0.844
[INFO 04-25 12:17:30] ax.service.ax_client: Generated new trial 9 with parameters {'w_production': 22.039413, 'w_ships_cost': 0.197869, 'w_distance_cost': 0.143873, 'w_travel_cost': 0.908098, 'mult_neutral': 3.732044, 'mult_enemy': 8.717268, 'mult_comet': 5.318535, 'mult_reinforce_ally': 0.0049, 'ships_safety_margin': 1.876047, 'min_launch_size': 20.897019, 'max_launch_fraction': 0.739513, 'expand_cooldown_turns': 7.123476, 'keep_reserve_ships': 2.421491, 'agg_early_game': 0.489001, 'early_game_cutoff_turn': 192.563422, 'sun_avoidance_epsilon': 0.016355, 'comet_max_time_mismatch': 8.818559, 'expand_bias': 0.090973} using model Sobol.
Loading environment open_spiel_env failed: No module named 'pokerkit'
Loading environment werewolf failed: No module named 'pydantic'
Loading environment open_spiel_env failed: No module named 'pokerkit'
Loading environment werewolf failed: No module named 'pydantic'
Loading environment open_spiel_env failed: No module named 'pokerkit'
Loading environment werewolf failed: No module named 'pydantic'
Loading environment open_spiel_env failed: No module named 'pokerkit'
Loading environment werewolf failed: No module named 'pydantic'
Loading environment open_spiel_env failed: No module named 'pokerkit'
Loading environment werewolf failed: No module named 'pydantic'
Loading environment open_spiel_env failed: No module named 'pokerkit'
Loading environment werewolf failed: No module named 'pydantic'
Loading environment open_spiel_env failed: No module named 'pokerkit'
Loading environment werewolf failed: No module named 'pydantic'
[INFO 04-25 12:18:48] ax.service.ax_client: Completed trial 9 with data: {'win_rate': 0.911111}.
[t=  9] win=0.911 hard=0.911 n=45  77.9s best_so_far=0.911
[INFO 04-25 12:18:48] ax.service.ax_client: Generated new trial 10 with parameters {'w_production': 12.733858, 'w_ships_cost': 0.463109, 'w_distance_cost': 0.239156, 'w_travel_cost': 1.674213, 'mult_neutral': 3.069973, 'mult_enemy': 5.822945, 'mult_comet': 6.582212, 'mult_reinforce_ally': 0.127018, 'ships_safety_margin': 2.715926, 'min_launch_size': 16.367079, 'max_launch_fraction': 0.578965, 'expand_cooldown_turns': 4.707442, 'keep_reserve_ships': 0.792408, 'agg_early_game': 1.674495, 'early_game_cutoff_turn': 248.974388, 'sun_avoidance_epsilon': 0.028175, 'comet_max_time_mismatch': 7.014732, 'expand_bias': 1.072513} using model Sobol.
Loading environment open_spiel_env failed: No module named 'pokerkit'
Loading environment werewolf failed: No module named 'pydantic'
Loading environment open_spiel_env failed: No module named 'pokerkit'
Loading environment werewolf failed: No module named 'pydantic'
Loading environment open_spiel_env failed: No module named 'pokerkit'
Loading environment werewolf failed: No module named 'pydantic'
Loading environment open_spiel_env failed: No module named 'pokerkit'
Loading environment werewolf failed: No module named 'pydantic'
Loading environment open_spiel_env failed: No module named 'pokerkit'
Loading environment werewolf failed: No module named 'pydantic'
Loading environment open_spiel_env failed: No module named 'pokerkit'
Loading environment werewolf failed: No module named 'pydantic'
Loading environment open_spiel_env failed: No module named 'pokerkit'
Loading environment werewolf failed: No module named 'pydantic'
[INFO 04-25 12:21:00] ax.service.ax_client: Completed trial 10 with data: {'win_rate': 0.777778}.
[t= 10] win=0.778 hard=0.778 n=45 131.7s best_so_far=0.911
[INFO 04-25 12:21:00] ax.service.ax_client: Generated new trial 11 with parameters {'w_production': 27.488549, 'w_ships_cost': 0.044268, 'w_distance_cost': 0.061693, 'w_travel_cost': 0.239488, 'mult_neutral': 2.224898, 'mult_enemy': 2.230523, 'mult_comet': 3.185774, 'mult_reinforce_ally': 0.295211, 'ships_safety_margin': 0.60808, 'min_launch_size': 43.199054, 'max_launch_fraction': 0.98663, 'expand_cooldown_turns': 3.275687, 'keep_reserve_ships': 2.157927, 'agg_early_game': 1.23622, 'early_game_cutoff_turn': 108.046402, 'sun_avoidance_epsilon': 0.011789, 'comet_max_time_mismatch': 4.671836, 'expand_bias': 0.955695} using model Sobol.
Loading environment open_spiel_env failed: No module named 'pokerkit'
Loading environment werewolf failed: No module named 'pydantic'
Loading environment open_spiel_env failed: No module named 'pokerkit'
Loading environment werewolf failed: No module named 'pydantic'
Loading environment open_spiel_env failed: No module named 'pokerkit'
Loading environment werewolf failed: No module named 'pydantic'
Loading environment open_spiel_env failed: No module named 'pokerkit'
Loading environment werewolf failed: No module named 'pydantic'
Loading environment open_spiel_env failed: No module named 'pokerkit'
Loading environment werewolf failed: No module named 'pydantic'
Loading environment open_spiel_env failed: No module named 'pokerkit'
Loading environment werewolf failed: No module named 'pydantic'
Loading environment open_spiel_env failed: No module named 'pokerkit'
Loading environment werewolf failed: No module named 'pydantic'
[INFO 04-25 12:22:09] ax.service.ax_client: Completed trial 11 with data: {'win_rate': 0.866667}.
[t= 11] win=0.867 hard=0.867 n=45  68.9s best_so_far=0.911
[INFO 04-25 12:22:09] ax.service.ax_client: Generated new trial 12 with parameters {'w_production': 26.720158, 'w_ships_cost': 0.412872, 'w_distance_cost': 0.097942, 'w_travel_cost': 0.49594, 'mult_neutral': 1.758098, 'mult_enemy': 4.035422, 'mult_comet': 7.099627, 'mult_reinforce_ally': 0.218448, 'ships_safety_margin': 2.560289, 'min_launch_size': 29.912674, 'max_launch_fraction': 0.549456, 'expand_cooldown_turns': 2.734715, 'keep_reserve_ships': 1.428077, 'agg_early_game': 0.622197, 'early_game_cutoff_turn': 125.977463, 'sun_avoidance_epsilon': 0.001649, 'comet_max_time_mismatch': 4.002475, 'expand_bias': 0.664883} using model Sobol.
Loading environment open_spiel_env failed: No module named 'pokerkit'
Loading environment werewolf failed: No module named 'pydantic'
Loading environment open_spiel_env failed: No module named 'pokerkit'
Loading environment werewolf failed: No module named 'pydantic'
Loading environment open_spiel_env failed: No module named 'pokerkit'
Loading environment werewolf failed: No module named 'pydantic'
Loading environment open_spiel_env failed: No module named 'pokerkit'
Loading environment werewolf failed: No module named 'pydantic'
Loading environment open_spiel_env failed: No module named 'pokerkit'
Loading environment werewolf failed: No module named 'pydantic'
Loading environment open_spiel_env failed: No module named 'pokerkit'
Loading environment werewolf failed: No module named 'pydantic'
Loading environment open_spiel_env failed: No module named 'pokerkit'
Loading environment werewolf failed: No module named 'pydantic'
[INFO 04-25 12:24:18] ax.service.ax_client: Completed trial 12 with data: {'win_rate': 0.733333}.
[t= 12] win=0.733 hard=0.733 n=45 129.3s best_so_far=0.911
[INFO 04-25 12:24:18] ax.service.ax_client: Generated new trial 13 with parameters {'w_production': 5.300995, 'w_ships_cost': 0.079753, 'w_distance_cost': 0.200549, 'w_travel_cost': 2.072933, 'mult_neutral': 2.603174, 'mult_enemy': 9.875955, 'mult_comet': 1.47078, 'mult_reinforce_ally': 0.363198, 'ships_safety_margin': 0.168258, 'min_launch_size': 30.580087, 'max_launch_fraction': 0.890837, 'expand_cooldown_turns': 5.311032, 'keep_reserve_ships': 1.528112, 'agg_early_game': 2.14323, 'early_game_cutoff_turn': 266.923751, 'sun_avoidance_epsilon': 0.032113, 'comet_max_time_mismatch': 6.273964, 'expand_bias': 1.297082} using model Sobol.
Loading environment open_spiel_env failed: No module named 'pokerkit'
Loading environment werewolf failed: No module named 'pydantic'
Loading environment open_spiel_env failed: No module named 'pokerkit'
Loading environment werewolf failed: No module named 'pydantic'
Loading environment open_spiel_env failed: No module named 'pokerkit'
Loading environment werewolf failed: No module named 'pydantic'
Loading environment open_spiel_env failed: No module named 'pokerkit'
Loading environment werewolf failed: No module named 'pydantic'
Loading environment open_spiel_env failed: No module named 'pokerkit'
Loading environment werewolf failed: No module named 'pydantic'
Loading environment open_spiel_env failed: No module named 'pokerkit'
Loading environment werewolf failed: No module named 'pydantic'
Loading environment open_spiel_env failed: No module named 'pokerkit'
Loading environment werewolf failed: No module named 'pydantic'
[INFO 04-25 12:25:30] ax.service.ax_client: Completed trial 13 with data: {'win_rate': 0.933333}.
[t= 13] win=0.933 hard=0.933 n=45  71.5s best_so_far=0.933
[INFO 04-25 12:25:30] ax.service.ax_client: Generated new trial 14 with parameters {'w_production': 14.572104, 'w_ships_cost': 0.313529, 'w_distance_cost': 0.035099, 'w_travel_cost': 1.350764, 'mult_neutral': 3.320361, 'mult_enemy': 7.146344, 'mult_comet': 9.208288, 'mult_reinforce_ally': 0.489254, 'ships_safety_margin': 0.862024, 'min_launch_size': 47.297412, 'max_launch_fraction': 0.802404, 'expand_cooldown_turns': 6.894913, 'keep_reserve_ships': 0.179912, 'agg_early_game': 1.094485, 'early_game_cutoff_turn': 173.296558, 'sun_avoidance_epsilon': 0.020232, 'comet_max_time_mismatch': 8.996282, 'expand_bias': 0.288447} using model Sobol.
Loading environment open_spiel_env failed: No module named 'pokerkit'
Loading environment werewolf failed: No module named 'pydantic'
Loading environment open_spiel_env failed: No module named 'pokerkit'
Loading environment werewolf failed: No module named 'pydantic'
Loading environment open_spiel_env failed: No module named 'pokerkit'
Loading environment werewolf failed: No module named 'pydantic'
Loading environment open_spiel_env failed: No module named 'pokerkit'
Loading environment werewolf failed: No module named 'pydantic'
Loading environment open_spiel_env failed: No module named 'pokerkit'
Loading environment werewolf failed: No module named 'pydantic'
Loading environment open_spiel_env failed: No module named 'pokerkit'
Loading environment werewolf failed: No module named 'pydantic'
Loading environment open_spiel_env failed: No module named 'pokerkit'
Loading environment werewolf failed: No module named 'pydantic'
[INFO 04-25 12:27:41] ax.service.ax_client: Completed trial 14 with data: {'win_rate': 0.711111}.
[t= 14] win=0.711 hard=0.711 n=45 130.7s best_so_far=0.933
[INFO 04-25 12:27:41] ax.service.ax_client: Generated new trial 15 with parameters {'w_production': 34.932235, 'w_ships_cost': 0.178104, 'w_distance_cost': 0.268662, 'w_travel_cost': 2.741544, 'mult_neutral': 0.658632, 'mult_enemy': 1.175193, 'mult_comet': 3.588217, 'mult_reinforce_ally': 0.08657, 'ships_safety_margin': 1.847846, 'min_launch_size': 12.882429, 'max_launch_fraction': 0.647683, 'expand_cooldown_turns': 1.088143, 'keep_reserve_ships': 2.869672, 'agg_early_game': 1.807772, 'early_game_cutoff_turn': 32.406909, 'sun_avoidance_epsilon': 0.039757, 'comet_max_time_mismatch': 2.128249, 'expand_bias': 1.687255} using model Sobol.
Process SpawnPoolWorker-108:
Traceback (most recent call last):
  File "C:\Python313\Lib\multiprocessing\pool.py", line 131, in worker
    put((job, i, result))
    ~~~^^^^^^^^^^^^^^^^^^
  File "C:\Python313\Lib\multiprocessing\queues.py", line 394, in put
    self._writer.send_bytes(obj)
    ~~~~~~~~~~~~~~~~~~~~~~~^^^^^
  File "C:\Python313\Lib\multiprocessing\connection.py", line 200, in send_bytes
    self._send_bytes(m[offset:offset + size])
    ~~~~~~~~~~~~~~~~^^^^^^^^^^^^^^^^^^^^^^^^^
  File "C:\Python313\Lib\multiprocessing\connection.py", line 289, in _send_bytes
    ov, err = _winapi.WriteFile(self._handle, buf, overlapped=True)
              ~~~~~~~~~~~~~~~~~^^^^^^^^^^^^^^^^^^^^^^^^^^^^^^^^^^^^
BrokenPipeError: [WinError 232] The pipe is being closed

During handling of the above exception, another exception occurred:

Traceback (most recent call last):
  File "C:\Python313\Lib\multiprocessing\process.py", line 313, in _bootstrap
    self.run()
    ~~~~~~~~^^
  File "C:\Python313\Lib\multiprocessing\process.py", line 108, in run
    self._target(*self._args, **self._kwargs)
    ~~~~~~~~~~~~^^^^^^^^^^^^^^^^^^^^^^^^^^^^^
  File "C:\Python313\Lib\multiprocessing\pool.py", line 136, in worker
    put((job, i, (False, wrapped)))
    ~~~^^^^^^^^^^^^^^^^^^^^^^^^^^^^
  File "C:\Python313\Lib\multiprocessing\queues.py", line 394, in put
    self._writer.send_bytes(obj)
    ~~~~~~~~~~~~~~~~~~~~~~~^^^^^
  File "C:\Python313\Lib\multiprocessing\connection.py", line 200, in send_bytes
    self._send_bytes(m[offset:offset + size])
    ~~~~~~~~~~~~~~~~^^^^^^^^^^^^^^^^^^^^^^^^^
  File "C:\Python313\Lib\multiprocessing\connection.py", line 289, in _send_bytes
    ov, err = _winapi.WriteFile(self._handle, buf, overlapped=True)
              ~~~~~~~~~~~~~~~~~^^^^^^^^^^^^^^^^^^^^^^^^^^^^^^^^^^^^
BrokenPipeError: [WinError 232] The pipe is being closed
Loading environment open_spiel_env failed: No module named 'pokerkit'
Loading environment werewolf failed: No module named 'pydantic'
Process SpawnPoolWorker-109:
Traceback (most recent call last):
  File "C:\Python313\Lib\multiprocessing\pool.py", line 131, in worker
    put((job, i, result))
    ~~~^^^^^^^^^^^^^^^^^^
  File "C:\Python313\Lib\multiprocessing\queues.py", line 394, in put
    self._writer.send_bytes(obj)
    ~~~~~~~~~~~~~~~~~~~~~~~^^^^^
  File "C:\Python313\Lib\multiprocessing\connection.py", line 200, in send_bytes
    self._send_bytes(m[offset:offset + size])
    ~~~~~~~~~~~~~~~~^^^^^^^^^^^^^^^^^^^^^^^^^
  File "C:\Python313\Lib\multiprocessing\connection.py", line 289, in _send_bytes
    ov, err = _winapi.WriteFile(self._handle, buf, overlapped=True)
              ~~~~~~~~~~~~~~~~~^^^^^^^^^^^^^^^^^^^^^^^^^^^^^^^^^^^^
BrokenPipeError: [WinError 232] The pipe is being closed

During handling of the above exception, another exception occurred:

Traceback (most recent call last):
  File "C:\Python313\Lib\multiprocessing\process.py", line 313, in _bootstrap
    self.run()
    ~~~~~~~~^^
  File "C:\Python313\Lib\multiprocessing\process.py", line 108, in run
    self._target(*self._args, **self._kwargs)
    ~~~~~~~~~~~~^^^^^^^^^^^^^^^^^^^^^^^^^^^^^
  File "C:\Python313\Lib\multiprocessing\pool.py", line 136, in worker
    put((job, i, (False, wrapped)))
    ~~~^^^^^^^^^^^^^^^^^^^^^^^^^^^^
  File "C:\Python313\Lib\multiprocessing\queues.py", line 394, in put
    self._writer.send_bytes(obj)
    ~~~~~~~~~~~~~~~~~~~~~~~^^^^^
  File "C:\Python313\Lib\multiprocessing\connection.py", line 200, in send_bytes
    self._send_bytes(m[offset:offset + size])
    ~~~~~~~~~~~~~~~~^^^^^^^^^^^^^^^^^^^^^^^^^
  File "C:\Python313\Lib\multiprocessing\connection.py", line 289, in _send_bytes
    ov, err = _winapi.WriteFile(self._handle, buf, overlapped=True)
              ~~~~~~~~~~~~~~~~~^^^^^^^^^^^^^^^^^^^^^^^^^^^^^^^^^^^^
BrokenPipeError: [WinError 232] The pipe is being closed
Loading environment open_spiel_env failed: No module named 'pokerkit'
Loading environment werewolf failed: No module named 'pydantic'
Process SpawnPoolWorker-112:
Traceback (most recent call last):
  File "C:\Python313\Lib\multiprocessing\pool.py", line 131, in worker
    put((job, i, result))
    ~~~^^^^^^^^^^^^^^^^^^
  File "C:\Python313\Lib\multiprocessing\queues.py", line 394, in put
    self._writer.send_bytes(obj)
    ~~~~~~~~~~~~~~~~~~~~~~~^^^^^
  File "C:\Python313\Lib\multiprocessing\connection.py", line 200, in send_bytes
    self._send_bytes(m[offset:offset + size])
    ~~~~~~~~~~~~~~~~^^^^^^^^^^^^^^^^^^^^^^^^^
  File "C:\Python313\Lib\multiprocessing\connection.py", line 289, in _send_bytes
    ov, err = _winapi.WriteFile(self._handle, buf, overlapped=True)
              ~~~~~~~~~~~~~~~~~^^^^^^^^^^^^^^^^^^^^^^^^^^^^^^^^^^^^
BrokenPipeError: [WinError 232] The pipe is being closed

During handling of the above exception, another exception occurred:

Traceback (most recent call last):
  File "C:\Python313\Lib\multiprocessing\process.py", line 313, in _bootstrap
    self.run()
    ~~~~~~~~^^
  File "C:\Python313\Lib\multiprocessing\process.py", line 108, in run
    self._target(*self._args, **self._kwargs)
    ~~~~~~~~~~~~^^^^^^^^^^^^^^^^^^^^^^^^^^^^^
  File "C:\Python313\Lib\multiprocessing\pool.py", line 136, in worker
    put((job, i, (False, wrapped)))
    ~~~^^^^^^^^^^^^^^^^^^^^^^^^^^^^
  File "C:\Python313\Lib\multiprocessing\queues.py", line 394, in put
    self._writer.send_bytes(obj)
    ~~~~~~~~~~~~~~~~~~~~~~~^^^^^
  File "C:\Python313\Lib\multiprocessing\connection.py", line 200, in send_bytes
    self._send_bytes(m[offset:offset + size])
    ~~~~~~~~~~~~~~~~^^^^^^^^^^^^^^^^^^^^^^^^^
  File "C:\Python313\Lib\multiprocessing\connection.py", line 289, in _send_bytes
    ov, err = _winapi.WriteFile(self._handle, buf, overlapped=True)
              ~~~~~~~~~~~~~~~~~^^^^^^^^^^^^^^^^^^^^^^^^^^^^^^^^^^^^
BrokenPipeError: [WinError 232] The pipe is being closed
Loading environment open_spiel_env failed: No module named 'pokerkit'
Loading environment werewolf failed: No module named 'pydantic'
Process SpawnPoolWorker-111:
Traceback (most recent call last):
  File "C:\Python313\Lib\multiprocessing\pool.py", line 131, in worker
    put((job, i, result))
    ~~~^^^^^^^^^^^^^^^^^^
  File "C:\Python313\Lib\multiprocessing\queues.py", line 394, in put
    self._writer.send_bytes(obj)
    ~~~~~~~~~~~~~~~~~~~~~~~^^^^^
  File "C:\Python313\Lib\multiprocessing\connection.py", line 200, in send_bytes
    self._send_bytes(m[offset:offset + size])
    ~~~~~~~~~~~~~~~~^^^^^^^^^^^^^^^^^^^^^^^^^
  File "C:\Python313\Lib\multiprocessing\connection.py", line 289, in _send_bytes
    ov, err = _winapi.WriteFile(self._handle, buf, overlapped=True)
              ~~~~~~~~~~~~~~~~~^^^^^^^^^^^^^^^^^^^^^^^^^^^^^^^^^^^^
BrokenPipeError: [WinError 232] The pipe is being closed

During handling of the above exception, another exception occurred:

Traceback (most recent call last):
  File "C:\Python313\Lib\multiprocessing\process.py", line 313, in _bootstrap
    self.run()
    ~~~~~~~~^^
  File "C:\Python313\Lib\multiprocessing\process.py", line 108, in run
    self._target(*self._args, **self._kwargs)
    ~~~~~~~~~~~~^^^^^^^^^^^^^^^^^^^^^^^^^^^^^
  File "C:\Python313\Lib\multiprocessing\pool.py", line 136, in worker
    put((job, i, (False, wrapped)))
    ~~~^^^^^^^^^^^^^^^^^^^^^^^^^^^^
  File "C:\Python313\Lib\multiprocessing\queues.py", line 394, in put
    self._writer.send_bytes(obj)
    ~~~~~~~~~~~~~~~~~~~~~~~^^^^^
  File "C:\Python313\Lib\multiprocessing\connection.py", line 200, in send_bytes
    self._send_bytes(m[offset:offset + size])
    ~~~~~~~~~~~~~~~~^^^^^^^^^^^^^^^^^^^^^^^^^
  File "C:\Python313\Lib\multiprocessing\connection.py", line 289, in _send_bytes
    ov, err = _winapi.WriteFile(self._handle, buf, overlapped=True)
              ~~~~~~~~~~~~~~~~~^^^^^^^^^^^^^^^^^^^^^^^^^^^^^^^^^^^^
BrokenPipeError: [WinError 232] The pipe is being closed
Loading environment open_spiel_env failed: No module named 'pokerkit'
Loading environment werewolf failed: No module named 'pydantic'
