Loading environment open_spiel_env failed: No module named 'pokerkit'
Loading environment werewolf failed: No module named 'pydantic'
C:\Users\Marc\Desktop\Orbit Wars\src\orbitwars\tune\turbo_runner.py:196: DeprecationWarning: The `AxClient` class is deprecated and will be removed in Ax 1.4.0. Please migrate to the modern Ax API / `Client` class, found under ax/api. For example usage, check out the tutorials at https://ax.dev 
  self.client = AxClient(random_seed=seed)
[WARNING 04-25 12:39:55] ax.service.ax_client: Random seed set to 2. Note that this setting only affects the Sobol quasi-random generator and BoTorch-powered Bayesian optimization models. For the latter models, setting random seed to the same number for two optimizations will make the generated trials similar, but not exactly the same, and over time the trials will diverge more.
[INFO 04-25 12:39:55] ax.generation_strategy.dispatch_utils: Using Generators.BOTORCH_MODULAR since there is at least one ordered parameter and there are no unordered categorical parameters.
[INFO 04-25 12:39:55] ax.generation_strategy.dispatch_utils: Using Bayesian Optimization generation strategy: GenerationStrategy(name='GenerationStep_0_Sobol+GenerationStep_1_BoTorch', nodes=[GenerationNode(name='GenerationStep_0_Sobol', generator_specs=[GeneratorSpec(generator_enum=Sobol, generator_key_override=None)], transition_criteria=[MinTrials(transition_to='GenerationStep_1_BoTorch'), MinTrials(transition_to='GenerationStep_1_BoTorch')], pausing_criteria=[MaxTrialsAwaitingData(threshold=36)]), GenerationNode(name='GenerationStep_1_BoTorch', generator_specs=[GeneratorSpec(generator_enum=BoTorch, generator_key_override=None)], transition_criteria=None, pausing_criteria=[MaxGenerationParallelism(threshold=3)])]). Iterations after 36 will take longer to generate due to model-fitting.
[INFO 04-25 12:39:55] ax.service.ax_client: Generated new trial 0 with parameters {'w_production': 32.215532, 'w_ships_cost': 0.484432, 'w_distance_cost': 0.005929, 'w_travel_cost': 1.920096, 'mult_neutral': 3.861678, 'mult_enemy': 3.102306, 'mult_comet': 7.456478, 'mult_reinforce_ally': 0.234609, 'ships_safety_margin': 2.436084, 'min_launch_size': 41.522267, 'max_launch_fraction': 0.679596, 'expand_cooldown_turns': 0.200664, 'keep_reserve_ships': 1.704181, 'agg_early_game': 0.941179, 'early_game_cutoff_turn': 234.822732, 'sun_avoidance_epsilon': 0.005726, 'comet_max_time_mismatch': 7.52278, 'expand_bias': 0.756333} using model Sobol.
Loading environment open_spiel_env failed: No module named 'pokerkit'
Loading environment werewolf failed: No module named 'pydantic'
Loading environment open_spiel_env failed: No module named 'pokerkit'
Loading environment werewolf failed: No module named 'pydantic'
Loading environment open_spiel_env failed: No module named 'pokerkit'
Loading environment werewolf failed: No module named 'pydantic'
Loading environment open_spiel_env failed: No module named 'pokerkit'
Loading environment werewolf failed: No module named 'pydantic'
Loading environment open_spiel_env failed: No module named 'pokerkit'
Loading environment werewolf failed: No module named 'pydantic'
Loading environment open_spiel_env failed: No module named 'pokerkit'
Loading environment werewolf failed: No module named 'pydantic'
Loading environment open_spiel_env failed: No module named 'pokerkit'
Loading environment werewolf failed: No module named 'pydantic'
[INFO 04-25 12:42:19] ax.service.ax_client: Completed trial 0 with data: {'win_rate': 0.555556}.
[t=  0] win=0.556 hard=0.556 n=45 143.8s best_so_far=0.556
[INFO 04-25 12:42:19] ax.service.ax_client: Generated new trial 1 with parameters {'w_production': 17.562312, 'w_ships_cost': 0.007211, 'w_distance_cost': 0.297356, 'w_travel_cost': 0.672876, 'mult_neutral': 1.158902, 'mult_enemy': 6.128898, 'mult_comet': 1.817743, 'mult_reinforce_ally': 0.340239, 'ships_safety_margin': 0.325239, 'min_launch_size': 18.354844, 'max_launch_fraction': 0.770977, 'expand_cooldown_turns': 7.753284, 'keep_reserve_ships': 1.252014, 'agg_early_game': 1.895139, 'early_game_cutoff_turn': 75.181377, 'sun_avoidance_epsilon': 0.034627, 'comet_max_time_mismatch': 5.321731, 'expand_bias': 1.154897} using model Sobol.
Loading environment open_spiel_env failed: No module named 'pokerkit'
Loading environment werewolf failed: No module named 'pydantic'
Loading environment open_spiel_env failed: No module named 'pokerkit'
Loading environment werewolf failed: No module named 'pydantic'
Loading environment open_spiel_env failed: No module named 'pokerkit'
Loading environment werewolf failed: No module named 'pydantic'
Loading environment open_spiel_env failed: No module named 'pokerkit'
Loading environment werewolf failed: No module named 'pydantic'
Loading environment open_spiel_env failed: No module named 'pokerkit'
Loading environment werewolf failed: No module named 'pydantic'
Loading environment open_spiel_env failed: No module named 'pokerkit'
Loading environment werewolf failed: No module named 'pydantic'
Loading environment open_spiel_env failed: No module named 'pokerkit'
Loading environment werewolf failed: No module named 'pydantic'
[INFO 04-25 12:43:22] ax.service.ax_client: Completed trial 1 with data: {'win_rate': 0.844444}.
[t=  1] win=0.844 hard=0.844 n=45  63.1s best_so_far=0.844
[INFO 04-25 12:43:22] ax.service.ax_client: Generated new trial 2 with parameters {'w_production': 9.350769, 'w_ships_cost': 0.273213, 'w_distance_cost': 0.088402, 'w_travel_cost': 2.93899, 'mult_neutral': 1.91753, 'mult_enemy': 7.866394, 'mult_comet': 9.555662, 'mult_reinforce_ally': 0.464306, 'ships_safety_margin': 1.079059, 'min_launch_size': 23.825029, 'max_launch_fraction': 0.922752, 'expand_cooldown_turns': 4.415314, 'keep_reserve_ships': 2.717768, 'agg_early_game': 0.74322, 'early_game_cutoff_turn': 56.253589, 'sun_avoidance_epsilon': 0.022405, 'comet_max_time_mismatch': 1.548915, 'expand_bias': 0.134726} using model Sobol.
Loading environment open_spiel_env failed: No module named 'pokerkit'
Loading environment werewolf failed: No module named 'pydantic'
Loading environment open_spiel_env failed: No module named 'pokerkit'
Loading environment werewolf failed: No module named 'pydantic'
Loading environment open_spiel_env failed: No module named 'pokerkit'
Loading environment werewolf failed: No module named 'pydantic'
Loading environment open_spiel_env failed: No module named 'pokerkit'
Loading environment werewolf failed: No module named 'pydantic'
Loading environment open_spiel_env failed: No module named 'pokerkit'
Loading environment werewolf failed: No module named 'pydantic'
Loading environment open_spiel_env failed: No module named 'pokerkit'
Loading environment werewolf failed: No module named 'pydantic'
[INFO 04-25 12:45:40] ax.service.ax_client: Completed trial 2 with data: {'win_rate': 0.733333}.
[t=  2] win=0.733 hard=0.733 n=45 137.8s best_so_far=0.844
[INFO 04-25 12:45:40] ax.service.ax_client: Generated new trial 3 with parameters {'w_production': 22.943889, 'w_ships_cost': 0.219391, 'w_distance_cost': 0.210786, 'w_travel_cost': 1.130547, 'mult_neutral': 2.721625, 'mult_enemy': 4.704653, 'mult_comet': 3.943282, 'mult_reinforce_ally': 0.116364, 'ships_safety_margin': 1.596204, 'min_launch_size': 35.740003, 'max_launch_fraction': 0.518031, 'expand_cooldown_turns': 3.600959, 'keep_reserve_ships': 0.331799, 'agg_early_game': 1.954927, 'early_game_cutoff_turn': 215.94817, 'sun_avoidance_epsilon': 0.043491, 'comet_max_time_mismatch': 8.206154, 'expand_bias': 1.766681} using model Sobol.
Loading environment open_spiel_env failed: No module named 'pokerkit'
Loading environment werewolf failed: No module named 'pydantic'
Loading environment open_spiel_env failed: No module named 'pokerkit'
Loading environment werewolf failed: No module named 'pydantic'
Loading environment open_spiel_env failed: No module named 'pokerkit'
Loading environment werewolf failed: No module named 'pydantic'
Loading environment open_spiel_env failed: No module named 'pokerkit'
Loading environment werewolf failed: No module named 'pydantic'
Loading environment open_spiel_env failed: No module named 'pokerkit'
Loading environment werewolf failed: No module named 'pydantic'
Loading environment open_spiel_env failed: No module named 'pokerkit'
Loading environment werewolf failed: No module named 'pydantic'
Loading environment open_spiel_env failed: No module named 'pokerkit'
Loading environment werewolf failed: No module named 'pydantic'
[INFO 04-25 12:47:08] ax.service.ax_client: Completed trial 3 with data: {'win_rate': 0.688889}.
[t=  3] win=0.689 hard=0.689 n=45  88.1s best_so_far=0.844
[INFO 04-25 12:47:08] ax.service.ax_client: Generated new trial 4 with parameters {'w_production': 30.377286, 'w_ships_cost': 0.35472, 'w_distance_cost': 0.2495, 'w_travel_cost': 1.104835, 'mult_neutral': 2.254396, 'mult_enemy': 1.991973, 'mult_comet': 7.752766, 'mult_reinforce_ally': 0.381666, 'ships_safety_margin': 1.144613, 'min_launch_size': 12.454729, 'max_launch_fraction': 0.955679, 'expand_cooldown_turns': 2.388143, 'keep_reserve_ships': 2.597543, 'agg_early_game': 1.478353, 'early_game_cutoff_turn': 168.702831, 'sun_avoidance_epsilon': 0.045806, 'comet_max_time_mismatch': 9.505577, 'expand_bias': 1.604867} using model Sobol.
Loading environment open_spiel_env failed: No module named 'pokerkit'
Loading environment werewolf failed: No module named 'pydantic'
Loading environment open_spiel_env failed: No module named 'pokerkit'
Loading environment werewolf failed: No module named 'pydantic'
Loading environment open_spiel_env failed: No module named 'pokerkit'
Loading environment werewolf failed: No module named 'pydantic'
Loading environment open_spiel_env failed: No module named 'pokerkit'
Loading environment werewolf failed: No module named 'pydantic'
Loading environment open_spiel_env failed: No module named 'pokerkit'
Loading environment werewolf failed: No module named 'pydantic'
Loading environment open_spiel_env failed: No module named 'pokerkit'
Loading environment werewolf failed: No module named 'pydantic'
Loading environment open_spiel_env failed: No module named 'pokerkit'
Loading environment werewolf failed: No module named 'pydantic'
[INFO 04-25 12:50:05] ax.service.ax_client: Completed trial 4 with data: {'win_rate': 0.666667}.
[t=  4] win=0.667 hard=0.667 n=45 176.7s best_so_far=0.844
[INFO 04-25 12:50:05] ax.service.ax_client: Generated new trial 5 with parameters {'w_production': 10.118625, 'w_ships_cost': 0.152674, 'w_distance_cost': 0.051972, 'w_travel_cost': 2.30811, 'mult_neutral': 1.450305, 'mult_enemy': 7.401826, 'mult_comet': 4.407976, 'mult_reinforce_ally': 0.041541, 'ships_safety_margin': 2.127574, 'min_launch_size': 48.039144, 'max_launch_fraction': 0.60943, 'expand_cooldown_turns': 5.565747, 'keep_reserve_ships': 0.446182, 'agg_early_game': 1.349505, 'early_game_cutoff_turn': 9.026569, 'sun_avoidance_epsilon': 0.013791, 'comet_max_time_mismatch': 2.776931, 'expand_bias': 0.487805} using model Sobol.
Loading environment open_spiel_env failed: No module named 'pokerkit'
Loading environment werewolf failed: No module named 'pydantic'
Loading environment open_spiel_env failed: No module named 'pokerkit'
Loading environment werewolf failed: No module named 'pydantic'
Loading environment open_spiel_env failed: No module named 'pokerkit'
Loading environment werewolf failed: No module named 'pydantic'
Loading environment open_spiel_env failed: No module named 'pokerkit'
Loading environment werewolf failed: No module named 'pydantic'
Loading environment open_spiel_env failed: No module named 'pokerkit'
Loading environment werewolf failed: No module named 'pydantic'
Loading environment open_spiel_env failed: No module named 'pokerkit'
Loading environment werewolf failed: No module named 'pydantic'
Loading environment open_spiel_env failed: No module named 'pokerkit'
Loading environment werewolf failed: No module named 'pydantic'
[INFO 04-25 12:51:59] ax.service.ax_client: Completed trial 5 with data: {'win_rate': 0.555556}.
[t=  5] win=0.556 hard=0.556 n=45 113.9s best_so_far=0.844
[INFO 04-25 12:51:59] ax.service.ax_client: Generated new trial 6 with parameters {'w_production': 18.296255, 'w_ships_cost': 0.387641, 'w_distance_cost': 0.181094, 'w_travel_cost': 0.085941, 'mult_neutral': 0.747645, 'mult_enemy': 9.040396, 'mult_comet': 5.673437, 'mult_reinforce_ally': 0.169543, 'ships_safety_margin': 2.840017, 'min_launch_size': 34.756574, 'max_launch_fraction': 0.70856, 'expand_cooldown_turns': 6.227815, 'keep_reserve_ships': 2.006052, 'agg_early_game': 2.363073, 'early_game_cutoff_turn': 140.133864, 'sun_avoidance_epsilon': 0.02605, 'comet_max_time_mismatch': 3.530669, 'expand_bias': 1.473556} using model Sobol.
Loading environment open_spiel_env failed: No module named 'pokerkit'
Loading environment werewolf failed: No module named 'pydantic'
Loading environment open_spiel_env failed: No module named 'pokerkit'
Loading environment werewolf failed: No module named 'pydantic'
Loading environment open_spiel_env failed: No module named 'pokerkit'
Loading environment werewolf failed: No module named 'pydantic'
Loading environment open_spiel_env failed: No module named 'pokerkit'
Loading environment werewolf failed: No module named 'pydantic'
Loading environment open_spiel_env failed: No module named 'pokerkit'
Loading environment werewolf failed: No module named 'pydantic'
Loading environment open_spiel_env failed: No module named 'pokerkit'
Loading environment werewolf failed: No module named 'pydantic'
Loading environment open_spiel_env failed: No module named 'pokerkit'
Loading environment werewolf failed: No module named 'pydantic'
[INFO 04-25 12:52:59] ax.service.ax_client: Completed trial 6 with data: {'win_rate': 0.711111}.
[t=  6] win=0.711 hard=0.711 n=45  60.1s best_so_far=0.844
[INFO 04-25 12:52:59] ax.service.ax_client: Generated new trial 7 with parameters {'w_production': 39.682307, 'w_ships_cost': 0.120714, 'w_distance_cost': 0.115109, 'w_travel_cost': 1.850439, 'mult_neutral': 3.450419, 'mult_enemy': 3.763563, 'mult_comet': 2.267111, 'mult_reinforce_ally': 0.251733, 'ships_safety_margin': 0.450847, 'min_launch_size': 25.424608, 'max_launch_fraction': 0.866225, 'expand_cooldown_turns': 1.788507, 'keep_reserve_ships': 0.944278, 'agg_early_game': 0.326346, 'early_game_cutoff_turn': 299.793541, 'sun_avoidance_epsilon': 0.008101, 'comet_max_time_mismatch': 5.6625, 'expand_bias': 0.621134} using model Sobol.
Loading environment open_spiel_env failed: No module named 'pokerkit'
Loading environment werewolf failed: No module named 'pydantic'
Loading environment open_spiel_env failed: No module named 'pokerkit'
Loading environment werewolf failed: No module named 'pydantic'
Loading environment open_spiel_env failed: No module named 'pokerkit'
Loading environment werewolf failed: No module named 'pydantic'
Loading environment open_spiel_env failed: No module named 'pokerkit'
Loading environment werewolf failed: No module named 'pydantic'
Loading environment open_spiel_env failed: No module named 'pokerkit'
Loading environment werewolf failed: No module named 'pydantic'
Loading environment open_spiel_env failed: No module named 'pokerkit'
Loading environment werewolf failed: No module named 'pydantic'
Loading environment open_spiel_env failed: No module named 'pokerkit'
Loading environment werewolf failed: No module named 'pydantic'
[INFO 04-25 12:54:47] ax.service.ax_client: Completed trial 7 with data: {'win_rate': 0.8}.
[t=  7] win=0.800 hard=0.800 n=45 107.6s best_so_far=0.844
[INFO 04-25 12:54:47] ax.service.ax_client: Generated new trial 8 with parameters {'w_production': 35.665645, 'w_ships_cost': 0.310499, 'w_distance_cost': 0.152879, 'w_travel_cost': 2.529037, 'mult_neutral': 1.07032, 'mult_enemy': 4.996357, 'mult_comet': 8.671015, 'mult_reinforce_ally': 0.4154, 'ships_safety_margin': 1.3619, 'min_launch_size': 38.981424, 'max_launch_fraction': 0.835762, 'expand_cooldown_turns': 0.922206, 'keep_reserve_ships': 0.622216, 'agg_early_game': 2.285155, 'early_game_cutoff_turn': 51.655472, 'sun_avoidance_epsilon': 0.049933, 'comet_max_time_mismatch': 2.019745, 'expand_bias': 1.943151} using model Sobol.
Loading environment open_spiel_env failed: No module named 'pokerkit'
Loading environment werewolf failed: No module named 'pydantic'
Loading environment open_spiel_env failed: No module named 'pokerkit'
Loading environment werewolf failed: No module named 'pydantic'
Loading environment open_spiel_env failed: No module named 'pokerkit'
Loading environment werewolf failed: No module named 'pydantic'
Loading environment open_spiel_env failed: No module named 'pokerkit'
Loading environment werewolf failed: No module named 'pydantic'
Loading environment open_spiel_env failed: No module named 'pokerkit'
Loading environment werewolf failed: No module named 'pydantic'
Loading environment open_spiel_env failed: No module named 'pokerkit'
Loading environment werewolf failed: No module named 'pydantic'
Loading environment open_spiel_env failed: No module named 'pokerkit'
Loading environment werewolf failed: No module named 'pydantic'
[INFO 04-25 12:56:08] ax.service.ax_client: Completed trial 8 with data: {'win_rate': 0.844444}.
[t=  8] win=0.844 hard=0.844 n=45  81.3s best_so_far=0.844
[INFO 04-25 12:56:08] ax.service.ax_client: Generated new trial 9 with parameters {'w_production': 22.039413, 'w_ships_cost': 0.197869, 'w_distance_cost': 0.143873, 'w_travel_cost': 0.908098, 'mult_neutral': 3.732044, 'mult_enemy': 8.717268, 'mult_comet': 5.318535, 'mult_reinforce_ally': 0.0049, 'ships_safety_margin': 1.876047, 'min_launch_size': 20.897019, 'max_launch_fraction': 0.739513, 'expand_cooldown_turns': 7.123476, 'keep_reserve_ships': 2.421491, 'agg_early_game': 0.489001, 'early_game_cutoff_turn': 192.563422, 'sun_avoidance_epsilon': 0.016355, 'comet_max_time_mismatch': 8.818559, 'expand_bias': 0.090973} using model Sobol.
Loading environment open_spiel_env failed: No module named 'pokerkit'
Loading environment werewolf failed: No module named 'pydantic'
Loading environment open_spiel_env failed: No module named 'pokerkit'
Loading environment werewolf failed: No module named 'pydantic'
Loading environment open_spiel_env failed: No module named 'pokerkit'
Loading environment werewolf failed: No module named 'pydantic'
Loading environment open_spiel_env failed: No module named 'pokerkit'
Loading environment werewolf failed: No module named 'pydantic'
Loading environment open_spiel_env failed: No module named 'pokerkit'
Loading environment werewolf failed: No module named 'pydantic'
Loading environment open_spiel_env failed: No module named 'pokerkit'
Loading environment werewolf failed: No module named 'pydantic'
Loading environment open_spiel_env failed: No module named 'pokerkit'
Loading environment werewolf failed: No module named 'pydantic'
[INFO 04-25 12:57:18] ax.service.ax_client: Completed trial 9 with data: {'win_rate': 0.911111}.
[t=  9] win=0.911 hard=0.911 n=45  69.7s best_so_far=0.911
[INFO 04-25 12:57:18] ax.service.ax_client: Generated new trial 10 with parameters {'w_production': 12.733858, 'w_ships_cost': 0.463109, 'w_distance_cost': 0.239156, 'w_travel_cost': 1.674213, 'mult_neutral': 3.069973, 'mult_enemy': 5.822945, 'mult_comet': 6.582212, 'mult_reinforce_ally': 0.127018, 'ships_safety_margin': 2.715926, 'min_launch_size': 16.367079, 'max_launch_fraction': 0.578965, 'expand_cooldown_turns': 4.707442, 'keep_reserve_ships': 0.792408, 'agg_early_game': 1.674495, 'early_game_cutoff_turn': 248.974388, 'sun_avoidance_epsilon': 0.028175, 'comet_max_time_mismatch': 7.014732, 'expand_bias': 1.072513} using model Sobol.
Loading environment open_spiel_env failed: No module named 'pokerkit'
Loading environment werewolf failed: No module named 'pydantic'
Loading environment open_spiel_env failed: No module named 'pokerkit'
Loading environment werewolf failed: No module named 'pydantic'
Loading environment open_spiel_env failed: No module named 'pokerkit'
Loading environment werewolf failed: No module named 'pydantic'
Loading environment open_spiel_env failed: No module named 'pokerkit'
Loading environment werewolf failed: No module named 'pydantic'
Loading environment open_spiel_env failed: No module named 'pokerkit'
Loading environment werewolf failed: No module named 'pydantic'
Loading environment open_spiel_env failed: No module named 'pokerkit'
Loading environment werewolf failed: No module named 'pydantic'
Loading environment open_spiel_env failed: No module named 'pokerkit'
Loading environment werewolf failed: No module named 'pydantic'
[INFO 04-25 12:59:10] ax.service.ax_client: Completed trial 10 with data: {'win_rate': 0.777778}.
[t= 10] win=0.778 hard=0.778 n=45 111.9s best_so_far=0.911
[INFO 04-25 12:59:10] ax.service.ax_client: Generated new trial 11 with parameters {'w_production': 27.488549, 'w_ships_cost': 0.044268, 'w_distance_cost': 0.061693, 'w_travel_cost': 0.239488, 'mult_neutral': 2.224898, 'mult_enemy': 2.230523, 'mult_comet': 3.185774, 'mult_reinforce_ally': 0.295211, 'ships_safety_margin': 0.60808, 'min_launch_size': 43.199054, 'max_launch_fraction': 0.98663, 'expand_cooldown_turns': 3.275687, 'keep_reserve_ships': 2.157927, 'agg_early_game': 1.23622, 'early_game_cutoff_turn': 108.046402, 'sun_avoidance_epsilon': 0.011789, 'comet_max_time_mismatch': 4.671836, 'expand_bias': 0.955695} using model Sobol.
Loading environment open_spiel_env failed: No module named 'pokerkit'
Loading environment werewolf failed: No module named 'pydantic'
Loading environment open_spiel_env failed: No module named 'pokerkit'
Loading environment werewolf failed: No module named 'pydantic'
Loading environment open_spiel_env failed: No module named 'pokerkit'
Loading environment werewolf failed: No module named 'pydantic'
Loading environment open_spiel_env failed: No module named 'pokerkit'
Loading environment werewolf failed: No module named 'pydantic'
Loading environment open_spiel_env failed: No module named 'pokerkit'
Loading environment werewolf failed: No module named 'pydantic'
Loading environment open_spiel_env failed: No module named 'pokerkit'
Loading environment werewolf failed: No module named 'pydantic'
Loading environment open_spiel_env failed: No module named 'pokerkit'
Loading environment werewolf failed: No module named 'pydantic'
[INFO 04-25 13:00:07] ax.service.ax_client: Completed trial 11 with data: {'win_rate': 0.866667}.
[t= 11] win=0.867 hard=0.867 n=45  57.3s best_so_far=0.911
[INFO 04-25 13:00:07] ax.service.ax_client: Generated new trial 12 with parameters {'w_production': 26.720158, 'w_ships_cost': 0.412872, 'w_distance_cost': 0.097942, 'w_travel_cost': 0.49594, 'mult_neutral': 1.758098, 'mult_enemy': 4.035422, 'mult_comet': 7.099627, 'mult_reinforce_ally': 0.218448, 'ships_safety_margin': 2.560289, 'min_launch_size': 29.912674, 'max_launch_fraction': 0.549456, 'expand_cooldown_turns': 2.734715, 'keep_reserve_ships': 1.428077, 'agg_early_game': 0.622197, 'early_game_cutoff_turn': 125.977463, 'sun_avoidance_epsilon': 0.001649, 'comet_max_time_mismatch': 4.002475, 'expand_bias': 0.664883} using model Sobol.
Loading environment open_spiel_env failed: No module named 'pokerkit'
Loading environment werewolf failed: No module named 'pydantic'
Loading environment open_spiel_env failed: No module named 'pokerkit'
Loading environment werewolf failed: No module named 'pydantic'
Loading environment open_spiel_env failed: No module named 'pokerkit'
Loading environment werewolf failed: No module named 'pydantic'
Loading environment open_spiel_env failed: No module named 'pokerkit'
Loading environment werewolf failed: No module named 'pydantic'
Loading environment open_spiel_env failed: No module named 'pokerkit'
Loading environment werewolf failed: No module named 'pydantic'
Loading environment open_spiel_env failed: No module named 'pokerkit'
Loading environment werewolf failed: No module named 'pydantic'
Loading environment open_spiel_env failed: No module named 'pokerkit'
Loading environment werewolf failed: No module named 'pydantic'
[INFO 04-25 13:01:56] ax.service.ax_client: Completed trial 12 with data: {'win_rate': 0.733333}.
[t= 12] win=0.733 hard=0.733 n=45 109.6s best_so_far=0.911
[INFO 04-25 13:01:56] ax.service.ax_client: Generated new trial 13 with parameters {'w_production': 5.300995, 'w_ships_cost': 0.079753, 'w_distance_cost': 0.200549, 'w_travel_cost': 2.072933, 'mult_neutral': 2.603174, 'mult_enemy': 9.875955, 'mult_comet': 1.47078, 'mult_reinforce_ally': 0.363198, 'ships_safety_margin': 0.168258, 'min_launch_size': 30.580087, 'max_launch_fraction': 0.890837, 'expand_cooldown_turns': 5.311032, 'keep_reserve_ships': 1.528112, 'agg_early_game': 2.14323, 'early_game_cutoff_turn': 266.923751, 'sun_avoidance_epsilon': 0.032113, 'comet_max_time_mismatch': 6.273964, 'expand_bias': 1.297082} using model Sobol.
Loading environment open_spiel_env failed: No module named 'pokerkit'
Loading environment werewolf failed: No module named 'pydantic'
Loading environment open_spiel_env failed: No module named 'pokerkit'
Loading environment werewolf failed: No module named 'pydantic'
Loading environment open_spiel_env failed: No module named 'pokerkit'
Loading environment werewolf failed: No module named 'pydantic'
Loading environment open_spiel_env failed: No module named 'pokerkit'
Loading environment werewolf failed: No module named 'pydantic'
Loading environment open_spiel_env failed: No module named 'pokerkit'
Loading environment werewolf failed: No module named 'pydantic'
Loading environment open_spiel_env failed: No module named 'pokerkit'
Loading environment werewolf failed: No module named 'pydantic'
Loading environment open_spiel_env failed: No module named 'pokerkit'
Loading environment werewolf failed: No module named 'pydantic'
[INFO 04-25 13:03:01] ax.service.ax_client: Completed trial 13 with data: {'win_rate': 0.933333}.
[t= 13] win=0.933 hard=0.933 n=45  64.2s best_so_far=0.933
[INFO 04-25 13:03:01] ax.service.ax_client: Generated new trial 14 with parameters {'w_production': 14.572104, 'w_ships_cost': 0.313529, 'w_distance_cost': 0.035099, 'w_travel_cost': 1.350764, 'mult_neutral': 3.320361, 'mult_enemy': 7.146344, 'mult_comet': 9.208288, 'mult_reinforce_ally': 0.489254, 'ships_safety_margin': 0.862024, 'min_launch_size': 47.297412, 'max_launch_fraction': 0.802404, 'expand_cooldown_turns': 6.894913, 'keep_reserve_ships': 0.179912, 'agg_early_game': 1.094485, 'early_game_cutoff_turn': 173.296558, 'sun_avoidance_epsilon': 0.020232, 'comet_max_time_mismatch': 8.996282, 'expand_bias': 0.288447} using model Sobol.
Loading environment open_spiel_env failed: No module named 'pokerkit'
Loading environment werewolf failed: No module named 'pydantic'
Loading environment open_spiel_env failed: No module named 'pokerkit'
Loading environment werewolf failed: No module named 'pydantic'
Loading environment open_spiel_env failed: No module named 'pokerkit'
Loading environment werewolf failed: No module named 'pydantic'
Loading environment open_spiel_env failed: No module named 'pokerkit'
Loading environment werewolf failed: No module named 'pydantic'
Loading environment open_spiel_env failed: No module named 'pokerkit'
Loading environment werewolf failed: No module named 'pydantic'
Loading environment open_spiel_env failed: No module named 'pokerkit'
Loading environment werewolf failed: No module named 'pydantic'
Loading environment open_spiel_env failed: No module named 'pokerkit'
Loading environment werewolf failed: No module named 'pydantic'
[INFO 04-25 13:04:55] ax.service.ax_client: Completed trial 14 with data: {'win_rate': 0.711111}.
[t= 14] win=0.711 hard=0.711 n=45 113.9s best_so_far=0.933
[INFO 04-25 13:04:55] ax.service.ax_client: Generated new trial 15 with parameters {'w_production': 34.932235, 'w_ships_cost': 0.178104, 'w_distance_cost': 0.268662, 'w_travel_cost': 2.741544, 'mult_neutral': 0.658632, 'mult_enemy': 1.175193, 'mult_comet': 3.588217, 'mult_reinforce_ally': 0.08657, 'ships_safety_margin': 1.847846, 'min_launch_size': 12.882429, 'max_launch_fraction': 0.647683, 'expand_cooldown_turns': 1.088143, 'keep_reserve_ships': 2.869672, 'agg_early_game': 1.807772, 'early_game_cutoff_turn': 32.406909, 'sun_avoidance_epsilon': 0.039757, 'comet_max_time_mismatch': 2.128249, 'expand_bias': 1.687255} using model Sobol.
Loading environment open_spiel_env failed: No module named 'pokerkit'
Loading environment werewolf failed: No module named 'pydantic'
Loading environment open_spiel_env failed: No module named 'pokerkit'
Loading environment werewolf failed: No module named 'pydantic'
Loading environment open_spiel_env failed: No module named 'pokerkit'
Loading environment werewolf failed: No module named 'pydantic'
Loading environment open_spiel_env failed: No module named 'pokerkit'
Loading environment werewolf failed: No module named 'pydantic'
Loading environment open_spiel_env failed: No module named 'pokerkit'
Loading environment werewolf failed: No module named 'pydantic'
Loading environment open_spiel_env failed: No module named 'pokerkit'
Loading environment werewolf failed: No module named 'pydantic'
Loading environment open_spiel_env failed: No module named 'pokerkit'
Loading environment werewolf failed: No module named 'pydantic'
[INFO 04-25 13:07:32] ax.service.ax_client: Completed trial 15 with data: {'win_rate': 0.422222}.
[t= 15] win=0.422 hard=0.422 n=45 157.3s best_so_far=0.933
[INFO 04-25 13:07:32] ax.service.ax_client: Generated new trial 16 with parameters {'w_production': 34.413516, 'w_ships_cost': 0.334798, 'w_distance_cost': 0.136269, 'w_travel_cost': 0.126071, 'mult_neutral': 2.798998, 'mult_enemy': 9.477244, 'mult_comet': 2.064321, 'mult_reinforce_ally': 0.478702, 'ships_safety_margin': 2.061098, 'min_launch_size': 49.648179, 'max_launch_fraction': 0.628666, 'expand_cooldown_turns': 2.018548, 'keep_reserve_ships': 1.033792, 'agg_early_game': 1.449136, 'early_game_cutoff_turn': 202.401301, 'sun_avoidance_epsilon': 0.004062, 'comet_max_time_mismatch': 1.026411, 'expand_bias': 1.011427} using model Sobol.
Loading environment open_spiel_env failed: No module named 'pokerkit'
Loading environment werewolf failed: No module named 'pydantic'
Loading environment open_spiel_env failed: No module named 'pokerkit'
Loading environment werewolf failed: No module named 'pydantic'
Loading environment open_spiel_env failed: No module named 'pokerkit'
Loading environment werewolf failed: No module named 'pydantic'
Loading environment open_spiel_env failed: No module named 'pokerkit'
Loading environment werewolf failed: No module named 'pydantic'
Loading environment open_spiel_env failed: No module named 'pokerkit'
Loading environment werewolf failed: No module named 'pydantic'
Loading environment open_spiel_env failed: No module named 'pokerkit'
Loading environment werewolf failed: No module named 'pydantic'
Loading environment open_spiel_env failed: No module named 'pokerkit'
Loading environment werewolf failed: No module named 'pydantic'
[INFO 04-25 13:08:35] ax.service.ax_client: Completed trial 16 with data: {'win_rate': 0.555556}.
[t= 16] win=0.556 hard=0.556 n=45  62.6s best_so_far=0.933
[INFO 04-25 13:08:35] ax.service.ax_client: Generated new trial 17 with parameters {'w_production': 15.363934, 'w_ships_cost': 0.15793, 'w_distance_cost': 0.165203, 'w_travel_cost': 1.692627, 'mult_neutral': 2.003473, 'mult_enemy': 4.201219, 'mult_comet': 7.701948, 'mult_reinforce_ally': 0.068764, 'ships_safety_margin': 1.450225, 'min_launch_size': 10.230154, 'max_launch_fraction': 0.78254, 'expand_cooldown_turns': 5.96567, 'keep_reserve_ships': 1.916624, 'agg_early_game': 1.320186, 'early_game_cutoff_turn': 43.292667, 'sun_avoidance_epsilon': 0.036097, 'comet_max_time_mismatch': 7.87811, 'expand_bias': 0.893871} using model Sobol.
Loading environment open_spiel_env failed: No module named 'pokerkit'
Loading environment werewolf failed: No module named 'pydantic'
Loading environment open_spiel_env failed: No module named 'pokerkit'
Loading environment werewolf failed: No module named 'pydantic'
Loading environment open_spiel_env failed: No module named 'pokerkit'
Loading environment werewolf failed: No module named 'pydantic'
Loading environment open_spiel_env failed: No module named 'pokerkit'
Loading environment werewolf failed: No module named 'pydantic'
Loading environment open_spiel_env failed: No module named 'pokerkit'
Loading environment werewolf failed: No module named 'pydantic'
Loading environment open_spiel_env failed: No module named 'pokerkit'
Loading environment werewolf failed: No module named 'pydantic'
Loading environment open_spiel_env failed: No module named 'pokerkit'
Loading environment werewolf failed: No module named 'pydantic'
[INFO 04-25 13:10:31] ax.service.ax_client: Completed trial 17 with data: {'win_rate': 0.822222}.
[t= 17] win=0.822 hard=0.822 n=45 116.9s best_so_far=0.933
[INFO 04-25 13:10:32] ax.service.ax_client: Generated new trial 18 with parameters {'w_production': 7.186847, 'w_ships_cost': 0.422971, 'w_distance_cost': 0.068156, 'w_travel_cost': 0.982179, 'mult_neutral': 1.298571, 'mult_enemy': 1.338707, 'mult_comet': 4.190005, 'mult_reinforce_ally': 0.188962, 'ships_safety_margin': 0.70405, 'min_launch_size': 26.950328, 'max_launch_fraction': 0.879688, 'expand_cooldown_turns': 6.365979, 'keep_reserve_ships': 0.547184, 'agg_early_game': 2.471825, 'early_game_cutoff_turn': 99.418161, 'sun_avoidance_epsilon': 0.024058, 'comet_max_time_mismatch': 7.427575, 'expand_bias': 1.879128} using model Sobol.
Loading environment open_spiel_env failed: No module named 'pokerkit'
Loading environment werewolf failed: No module named 'pydantic'
Loading environment open_spiel_env failed: No module named 'pokerkit'
Loading environment werewolf failed: No module named 'pydantic'
Loading environment open_spiel_env failed: No module named 'pokerkit'
Loading environment werewolf failed: No module named 'pydantic'
Loading environment open_spiel_env failed: No module named 'pokerkit'
Loading environment werewolf failed: No module named 'pydantic'
Loading environment open_spiel_env failed: No module named 'pokerkit'
Loading environment werewolf failed: No module named 'pydantic'
Loading environment open_spiel_env failed: No module named 'pokerkit'
Loading environment werewolf failed: No module named 'pydantic'
Loading environment open_spiel_env failed: No module named 'pokerkit'
Loading environment werewolf failed: No module named 'pydantic'
[INFO 04-25 13:12:52] ax.service.ax_client: Completed trial 18 with data: {'win_rate': 0.488889}.
[t= 18] win=0.489 hard=0.489 n=45 140.4s best_so_far=0.933
[INFO 04-25 13:12:52] ax.service.ax_client: Generated new trial 19 with parameters {'w_production': 25.10797, 'w_ships_cost': 0.068795, 'w_distance_cost': 0.228047, 'w_travel_cost': 2.35996, 'mult_neutral': 3.996194, 'mult_enemy': 6.749916, 'mult_comet': 9.801262, 'mult_reinforce_ally': 0.356589, 'ships_safety_margin': 2.721213, 'min_launch_size': 32.615923, 'max_launch_fraction': 0.537475, 'expand_cooldown_turns': 1.680563, 'keep_reserve_ships': 2.496627, 'agg_early_game': 0.435131, 'early_game_cutoff_turn': 258.473589, 'sun_avoidance_epsilon': 0.042035, 'comet_max_time_mismatch': 5.137539, 'expand_bias': 0.028181} using model Sobol.
Loading environment open_spiel_env failed: No module named 'pokerkit'
Loading environment werewolf failed: No module named 'pydantic'
Loading environment open_spiel_env failed: No module named 'pokerkit'
Loading environment werewolf failed: No module named 'pydantic'
Loading environment open_spiel_env failed: No module named 'pokerkit'
Loading environment werewolf failed: No module named 'pydantic'
Loading environment open_spiel_env failed: No module named 'pokerkit'
Loading environment werewolf failed: No module named 'pydantic'
Loading environment open_spiel_env failed: No module named 'pokerkit'
Loading environment werewolf failed: No module named 'pydantic'
Loading environment open_spiel_env failed: No module named 'pokerkit'
Loading environment werewolf failed: No module named 'pydantic'
Loading environment open_spiel_env failed: No module named 'pokerkit'
Loading environment werewolf failed: No module named 'pydantic'
[INFO 04-25 13:15:59] ax.service.ax_client: Completed trial 19 with data: {'win_rate': 0.622222}.
[t= 19] win=0.622 hard=0.622 n=45 187.4s best_so_far=0.933
[INFO 04-25 13:15:59] ax.service.ax_client: Generated new trial 20 with parameters {'w_production': 28.200279, 'w_ships_cost': 0.451057, 'w_distance_cost': 0.194162, 'w_travel_cost': 2.898757, 'mult_neutral': 3.529393, 'mult_enemy': 8.553475, 'mult_comet': 4.725003, 'mult_reinforce_ally': 0.153194, 'ships_safety_margin': 0.019599, 'min_launch_size': 19.328817, 'max_launch_fraction': 0.975298, 'expand_cooldown_turns': 0.331, 'keep_reserve_ships': 0.245536, 'agg_early_game': 0.903367, 'early_game_cutoff_turn': 275.551989, 'sun_avoidance_epsilon': 0.044358, 'comet_max_time_mismatch': 3.554119, 'expand_bias': 0.350273} using model Sobol.
Loading environment open_spiel_env failed: No module named 'pokerkit'
Loading environment werewolf failed: No module named 'pydantic'
Loading environment open_spiel_env failed: No module named 'pokerkit'
Loading environment werewolf failed: No module named 'pydantic'
Loading environment open_spiel_env failed: No module named 'pokerkit'
Loading environment werewolf failed: No module named 'pydantic'
Loading environment open_spiel_env failed: No module named 'pokerkit'
Loading environment werewolf failed: No module named 'pydantic'
Loading environment open_spiel_env failed: No module named 'pokerkit'
Loading environment werewolf failed: No module named 'pydantic'
Loading environment open_spiel_env failed: No module named 'pokerkit'
Loading environment werewolf failed: No module named 'pydantic'
Loading environment open_spiel_env failed: No module named 'pokerkit'
Loading environment werewolf failed: No module named 'pydantic'
[INFO 04-25 13:17:46] ax.service.ax_client: Completed trial 20 with data: {'win_rate': 0.933333}.
[t= 20] win=0.933 hard=0.933 n=45 106.7s best_so_far=0.933
[INFO 04-25 13:17:46] ax.service.ax_client: Generated new trial 21 with parameters {'w_production': 12.295256, 'w_ships_cost': 0.057178, 'w_distance_cost': 0.109122, 'w_travel_cost': 1.288255, 'mult_neutral': 0.831772, 'mult_enemy': 5.393056, 'mult_comet': 8.068686, 'mult_reinforce_ally': 0.297379, 'ships_safety_margin': 2.502588, 'min_launch_size': 41.163834, 'max_launch_fraction': 0.566556, 'expand_cooldown_turns': 7.653168, 'keep_reserve_ships': 2.804128, 'agg_early_game': 1.857227, 'early_game_cutoff_turn': 116.478259, 'sun_avoidance_epsilon': 0.015435, 'comet_max_time_mismatch': 5.913365, 'expand_bias': 1.74834} using model Sobol.
Loading environment open_spiel_env failed: No module named 'pokerkit'
Loading environment werewolf failed: No module named 'pydantic'
Loading environment open_spiel_env failed: No module named 'pokerkit'
Loading environment werewolf failed: No module named 'pydantic'
Loading environment open_spiel_env failed: No module named 'pokerkit'
Loading environment werewolf failed: No module named 'pydantic'
Loading environment open_spiel_env failed: No module named 'pokerkit'
Loading environment werewolf failed: No module named 'pydantic'
Loading environment open_spiel_env failed: No module named 'pokerkit'
Loading environment werewolf failed: No module named 'pydantic'
Loading environment open_spiel_env failed: No module named 'pokerkit'
Loading environment werewolf failed: No module named 'pydantic'
Loading environment open_spiel_env failed: No module named 'pokerkit'
Loading environment werewolf failed: No module named 'pydantic'
[INFO 04-25 13:20:44] ax.service.ax_client: Completed trial 21 with data: {'win_rate': 0.577778}.
[t= 21] win=0.578 hard=0.578 n=45 178.2s best_so_far=0.933
[INFO 04-25 13:20:44] ax.service.ax_client: Generated new trial 22 with parameters {'w_production': 20.507325, 'w_ships_cost': 0.291183, 'w_distance_cost': 0.276342, 'w_travel_cost': 2.042648, 'mult_neutral': 1.59179, 'mult_enemy': 2.629505, 'mult_comet': 2.58401, 'mult_reinforce_ally': 0.429266, 'ships_safety_margin': 1.715025, 'min_launch_size': 36.631274, 'max_launch_fraction': 0.720435, 'expand_cooldown_turns': 4.053516, 'keep_reserve_ships': 1.153805, 'agg_early_game': 0.843378, 'early_game_cutoff_turn': 22.569028, 'sun_avoidance_epsilon': 0.027535, 'comet_max_time_mismatch': 9.954267, 'expand_bias': 0.727678} using model Sobol.
Loading environment open_spiel_env failed: No module named 'pokerkit'
Loading environment werewolf failed: No module named 'pydantic'
Loading environment open_spiel_env failed: No module named 'pokerkit'
Loading environment werewolf failed: No module named 'pydantic'
Loading environment open_spiel_env failed: No module named 'pokerkit'
Loading environment werewolf failed: No module named 'pydantic'
Loading environment open_spiel_env failed: No module named 'pokerkit'
Loading environment werewolf failed: No module named 'pydantic'
Loading environment open_spiel_env failed: No module named 'pokerkit'
Loading environment werewolf failed: No module named 'pydantic'
Loading environment open_spiel_env failed: No module named 'pokerkit'
Loading environment werewolf failed: No module named 'pydantic'
Loading environment open_spiel_env failed: No module named 'pokerkit'
Loading environment werewolf failed: No module named 'pydantic'
[INFO 04-25 13:24:41] ax.service.ax_client: Completed trial 22 with data: {'win_rate': 0.533333}.
[t= 22] win=0.533 hard=0.533 n=45 236.4s best_so_far=0.933
[INFO 04-25 13:24:41] ax.service.ax_client: Generated new trial 23 with parameters {'w_production': 37.47138, 'w_ships_cost': 0.21609, 'w_distance_cost': 0.022845, 'w_travel_cost': 0.620923, 'mult_neutral': 2.38731, 'mult_enemy': 5.656869, 'mult_comet': 5.989212, 'mult_reinforce_ally': 0.027144, 'ships_safety_margin': 0.825838, 'min_launch_size': 23.548687, 'max_launch_fraction': 0.815593, 'expand_cooldown_turns': 3.993084, 'keep_reserve_ships': 1.802488, 'agg_early_game': 2.055119, 'early_game_cutoff_turn': 181.659361, 'sun_avoidance_epsilon': 0.006422, 'comet_max_time_mismatch': 3.173983, 'expand_bias': 1.361104} using model Sobol.
Loading environment open_spiel_env failed: No module named 'pokerkit'
Loading environment werewolf failed: No module named 'pydantic'
Loading environment open_spiel_env failed: No module named 'pokerkit'
Loading environment werewolf failed: No module named 'pydantic'
Loading environment open_spiel_env failed: No module named 'pokerkit'
Loading environment werewolf failed: No module named 'pydantic'
Loading environment open_spiel_env failed: No module named 'pokerkit'
Loading environment werewolf failed: No module named 'pydantic'
Loading environment open_spiel_env failed: No module named 'pokerkit'
Loading environment werewolf failed: No module named 'pydantic'
Loading environment open_spiel_env failed: No module named 'pokerkit'
Loading environment werewolf failed: No module named 'pydantic'
Loading environment open_spiel_env failed: No module named 'pokerkit'
Loading environment werewolf failed: No module named 'pydantic'
[INFO 04-25 13:26:27] ax.service.ax_client: Completed trial 23 with data: {'win_rate': 0.733333}.
[t= 23] win=0.733 hard=0.733 n=45 106.7s best_so_far=0.933
[INFO 04-25 13:26:27] ax.service.ax_client: Generated new trial 24 with parameters {'w_production': 37.864031, 'w_ships_cost': 0.401524, 'w_distance_cost': 0.285002, 'w_travel_cost': 1.486294, 'mult_neutral': 2.091958, 'mult_enemy': 7.58321, 'mult_comet': 5.071828, 'mult_reinforce_ally': 0.175122, 'ships_safety_margin': 0.236914, 'min_launch_size': 32.106124, 'max_launch_fraction': 0.847629, 'expand_cooldown_turns': 2.8592, 'keep_reserve_ships': 2.956211, 'agg_early_game': 0.659472, 'early_game_cutoff_turn': 85.266449, 'sun_avoidance_epsilon': 0.048093, 'comet_max_time_mismatch': 6.775608, 'expand_bias': 0.195339} using model Sobol.
Loading environment open_spiel_env failed: No module named 'pokerkit'
Loading environment werewolf failed: No module named 'pydantic'
Loading environment open_spiel_env failed: No module named 'pokerkit'
Loading environment werewolf failed: No module named 'pydantic'
Loading environment open_spiel_env failed: No module named 'pokerkit'
Loading environment werewolf failed: No module named 'pydantic'
Loading environment open_spiel_env failed: No module named 'pokerkit'
Loading environment werewolf failed: No module named 'pydantic'
Loading environment open_spiel_env failed: No module named 'pokerkit'
Loading environment werewolf failed: No module named 'pydantic'
Loading environment open_spiel_env failed: No module named 'pokerkit'
Loading environment werewolf failed: No module named 'pydantic'
Loading environment open_spiel_env failed: No module named 'pokerkit'
Loading environment werewolf failed: No module named 'pydantic'
[INFO 04-25 13:27:53] ax.service.ax_client: Completed trial 24 with data: {'win_rate': 0.977778}.
[t= 24] win=0.978 hard=0.978 n=45  85.4s best_so_far=0.978
[INFO 04-25 13:27:53] ax.service.ax_client: Generated new trial 25 with parameters {'w_production': 19.841436, 'w_ships_cost': 0.105728, 'w_distance_cost': 0.01349, 'w_travel_cost': 2.676568, 'mult_neutral': 2.928515, 'mult_enemy': 1.612831, 'mult_comet': 8.425399, 'mult_reinforce_ally': 0.280311, 'ships_safety_margin': 2.251032, 'min_launch_size': 27.771098, 'max_launch_fraction': 0.688888, 'expand_cooldown_turns': 5.158158, 'keep_reserve_ships': 0.09346, 'agg_early_game': 2.180605, 'early_game_cutoff_turn': 225.608488, 'sun_avoidance_epsilon': 0.017607, 'comet_max_time_mismatch': 4.627169, 'expand_bias': 1.829009} using model Sobol.
Loading environment open_spiel_env failed: No module named 'pokerkit'
Loading environment werewolf failed: No module named 'pydantic'
Loading environment open_spiel_env failed: No module named 'pokerkit'
Loading environment werewolf failed: No module named 'pydantic'
Loading environment open_spiel_env failed: No module named 'pokerkit'
Loading environment werewolf failed: No module named 'pydantic'
Loading environment open_spiel_env failed: No module named 'pokerkit'
Loading environment werewolf failed: No module named 'pydantic'
Loading environment open_spiel_env failed: No module named 'pokerkit'
Loading environment werewolf failed: No module named 'pydantic'
Loading environment open_spiel_env failed: No module named 'pokerkit'
Loading environment werewolf failed: No module named 'pydantic'
Loading environment open_spiel_env failed: No module named 'pokerkit'
Loading environment werewolf failed: No module named 'pydantic'
[INFO 04-25 13:31:48] ax.service.ax_client: Completed trial 25 with data: {'win_rate': 0.622222}.
[t= 25] win=0.622 hard=0.622 n=45 235.3s best_so_far=0.978
[INFO 04-25 13:31:48] ax.service.ax_client: Generated new trial 26 with parameters {'w_production': 10.569802, 'w_ships_cost': 0.37196, 'w_distance_cost': 0.221865, 'w_travel_cost': 0.46612, 'mult_neutral': 3.647943, 'mult_enemy': 3.382173, 'mult_comet': 2.939213, 'mult_reinforce_ally': 0.398546, 'ships_safety_margin': 1.590918, 'min_launch_size': 14.491167, 'max_launch_fraction': 0.598592, 'expand_cooldown_turns': 6.511654, 'keep_reserve_ships': 1.62623, 'agg_early_game': 0.994864, 'early_game_cutoff_turn': 206.999494, 'sun_avoidance_epsilon': 0.030049, 'comet_max_time_mismatch': 1.645558, 'expand_bias': 0.819883} using model Sobol.
Loading environment open_spiel_env failed: No module named 'pokerkit'
Loading environment werewolf failed: No module named 'pydantic'
Loading environment open_spiel_env failed: No module named 'pokerkit'
Loading environment werewolf failed: No module named 'pydantic'
Loading environment open_spiel_env failed: No module named 'pokerkit'
Loading environment werewolf failed: No module named 'pydantic'
Loading environment open_spiel_env failed: No module named 'pokerkit'
Loading environment werewolf failed: No module named 'pydantic'
Loading environment open_spiel_env failed: No module named 'pokerkit'
Loading environment werewolf failed: No module named 'pydantic'
Loading environment open_spiel_env failed: No module named 'pokerkit'
Loading environment werewolf failed: No module named 'pydantic'
Loading environment open_spiel_env failed: No module named 'pokerkit'
Loading environment werewolf failed: No module named 'pydantic'
[INFO 04-25 13:35:44] ax.service.ax_client: Completed trial 26 with data: {'win_rate': 0.555556}.
[t= 26] win=0.556 hard=0.556 n=45 235.9s best_so_far=0.978
[INFO 04-25 13:35:44] ax.service.ax_client: Generated new trial 27 with parameters {'w_production': 29.652497, 'w_ships_cost': 0.136285, 'w_distance_cost': 0.081896, 'w_travel_cost': 2.220182, 'mult_neutral': 0.991319, 'mult_enemy': 9.224028, 'mult_comet': 6.336724, 'mult_reinforce_ally': 0.05105, 'ships_safety_margin': 0.983089, 'min_launch_size': 45.073745, 'max_launch_fraction': 0.943749, 'expand_cooldown_turns': 1.44315, 'keep_reserve_ships': 1.330045, 'agg_early_game': 1.708117, 'early_game_cutoff_turn': 66.677473, 'sun_avoidance_epsilon': 0.010499, 'comet_max_time_mismatch': 8.355381, 'expand_bias': 1.218194} using model Sobol.
Loading environment open_spiel_env failed: No module named 'pokerkit'
Loading environment werewolf failed: No module named 'pydantic'
Loading environment open_spiel_env failed: No module named 'pokerkit'
Loading environment werewolf failed: No module named 'pydantic'
Loading environment open_spiel_env failed: No module named 'pokerkit'
Loading environment werewolf failed: No module named 'pydantic'
Loading environment open_spiel_env failed: No module named 'pokerkit'
Loading environment werewolf failed: No module named 'pydantic'
Loading environment open_spiel_env failed: No module named 'pokerkit'
Loading environment werewolf failed: No module named 'pydantic'
Loading environment open_spiel_env failed: No module named 'pokerkit'
Loading environment werewolf failed: No module named 'pydantic'
Loading environment open_spiel_env failed: No module named 'pokerkit'
Loading environment werewolf failed: No module named 'pydantic'
[INFO 04-25 13:37:21] ax.service.ax_client: Completed trial 27 with data: {'win_rate': 0.777778}.
[t= 27] win=0.778 hard=0.778 n=45  96.5s best_so_far=0.978
[INFO 04-25 13:37:21] ax.service.ax_client: Generated new trial 28 with parameters {'w_production': 24.543552, 'w_ships_cost': 0.250113, 'w_distance_cost': 0.040817, 'w_travel_cost': 1.53858, 'mult_neutral': 0.52409, 'mult_enemy': 6.51001, 'mult_comet': 1.153898, 'mult_reinforce_ally': 0.443104, 'ships_safety_margin': 2.185275, 'min_launch_size': 21.787974, 'max_launch_fraction': 0.506399, 'expand_cooldown_turns': 0.546744, 'keep_reserve_ships': 2.068689, 'agg_early_game': 2.313836, 'early_game_cutoff_turn': 17.975242, 'sun_avoidance_epsilon': 0.000374, 'comet_max_time_mismatch': 9.303246, 'expand_bias': 1.411227} using model Sobol.
Loading environment open_spiel_env failed: No module named 'pokerkit'
Loading environment werewolf failed: No module named 'pydantic'
Loading environment open_spiel_env failed: No module named 'pokerkit'
Loading environment werewolf failed: No module named 'pydantic'
Loading environment open_spiel_env failed: No module named 'pokerkit'
Loading environment werewolf failed: No module named 'pydantic'
Loading environment open_spiel_env failed: No module named 'pokerkit'
Loading environment werewolf failed: No module named 'pydantic'
Loading environment open_spiel_env failed: No module named 'pokerkit'
Loading environment werewolf failed: No module named 'pydantic'
Loading environment open_spiel_env failed: No module named 'pokerkit'
Loading environment werewolf failed: No module named 'pydantic'
[INFO 04-25 13:40:14] ax.service.ax_client: Completed trial 28 with data: {'win_rate': 0.555556}.
[t= 28] win=0.556 hard=0.556 n=45 173.8s best_so_far=0.978
[INFO 04-25 13:40:14] ax.service.ax_client: Generated new trial 29 with parameters {'w_production': 7.478027, 'w_ships_cost': 0.24164, 'w_distance_cost': 0.255935, 'w_travel_cost': 0.304361, 'mult_neutral': 3.180719, 'mult_enemy': 2.918944, 'mult_comet': 6.783835, 'mult_reinforce_ally': 0.103424, 'ships_safety_margin': 1.293272, 'min_launch_size': 38.706008, 'max_launch_fraction': 0.910273, 'expand_cooldown_turns': 7.470686, 'keep_reserve_ships': 0.881744, 'agg_early_game': 0.517782, 'early_game_cutoff_turn': 158.278944, 'sun_avoidance_epsilon': 0.033972, 'comet_max_time_mismatch': 2.662632, 'expand_bias': 0.560523} using model Sobol.
Loading environment open_spiel_env failed: No module named 'pokerkit'
Loading environment werewolf failed: No module named 'pydantic'
Loading environment open_spiel_env failed: No module named 'pokerkit'
Loading environment werewolf failed: No module named 'pydantic'
Loading environment open_spiel_env failed: No module named 'pokerkit'
Loading environment werewolf failed: No module named 'pydantic'
Loading environment open_spiel_env failed: No module named 'pokerkit'
Loading environment werewolf failed: No module named 'pydantic'
Loading environment open_spiel_env failed: No module named 'pokerkit'
Loading environment werewolf failed: No module named 'pydantic'
Loading environment open_spiel_env failed: No module named 'pokerkit'
Loading environment werewolf failed: No module named 'pydantic'
[INFO 04-25 13:44:15] ax.service.ax_client: Completed trial 29 with data: {'win_rate': 0.511111}.
[t= 29] win=0.511 hard=0.511 n=45 240.2s best_so_far=0.978
[INFO 04-25 13:44:15] ax.service.ax_client: Generated new trial 30 with parameters {'w_production': 16.78304, 'w_ships_cost': 0.476408, 'w_distance_cost': 0.127387, 'w_travel_cost': 2.558754, 'mult_neutral': 2.517258, 'mult_enemy': 4.523539, 'mult_comet': 3.271207, 'mult_reinforce_ally': 0.233348, 'ships_safety_margin': 0.487033, 'min_launch_size': 44.173324, 'max_launch_fraction': 0.751466, 'expand_cooldown_turns': 4.824099, 'keep_reserve_ships': 2.320398, 'agg_early_game': 1.56628, 'early_game_cutoff_turn': 289.708467, 'sun_avoidance_epsilon': 0.021494, 'comet_max_time_mismatch': 4.172041, 'expand_bias': 1.541569} using model Sobol.
