Loading environment open_spiel_env failed: No module named 'pokerkit'
Loading environment werewolf failed: No module named 'pydantic'
Round-robin: 2 bundles, 20 games/pair, timeout=1.0s

=== v11 vs v9 (20 games) ===
  g0: seed=42 v11=seat0, v9=seat1 steps=122 v11 WIN [p95 v11=39ms v9=57ms]
  g1: seed=1042 v9=seat0, v11=seat1 steps=144 v11 WIN [p95 v11=26ms v9=40ms]
  g2: seed=2042 v11=seat0, v9=seat1 steps=294 v11 LOSS [p95 v11=42ms v9=43ms]
  g3: seed=3042 v9=seat0, v11=seat1 steps=130 v11 WIN [p95 v11=52ms v9=95ms]
  g4: seed=4042 v11=seat0, v9=seat1 steps=139 v11 WIN [p95 v11=42ms v9=55ms]
  g5: seed=5042 v9=seat0, v11=seat1 steps=164 v11 WIN [p95 v11=59ms v9=91ms]
  g6: seed=6042 v11=seat0, v9=seat1 steps=139 v11 WIN [p95 v11=40ms v9=61ms]
  g7: seed=7042 v9=seat0, v11=seat1 steps=148 v11 WIN [p95 v11=44ms v9=56ms]
  g8: seed=8042 v11=seat0, v9=seat1 steps=148 v11 LOSS [p95 v11=43ms v9=47ms]
  g9: seed=9042 v9=seat0, v11=seat1 steps=99 v11 WIN [p95 v11=57ms v9=90ms]
  g10: seed=10042 v11=seat0, v9=seat1 steps=150 v11 WIN [p95 v11=39ms v9=60ms]
  g11: seed=11042 v9=seat0, v11=seat1 steps=137 v11 WIN [p95 v11=51ms v9=65ms]
  g12: seed=12042 v11=seat0, v9=seat1 steps=164 v11 WIN [p95 v11=54ms v9=64ms]
  g13: seed=13042 v9=seat0, v11=seat1 steps=102 v11 WIN [p95 v11=31ms v9=47ms]
  g14: seed=14042 v11=seat0, v9=seat1 steps=166 v11 WIN [p95 v11=64ms v9=100ms]
  g15: seed=15042 v9=seat0, v11=seat1 steps=136 v11 WIN [p95 v11=59ms v9=89ms]
  g16: seed=16042 v11=seat0, v9=seat1 steps=146 v11 WIN [p95 v11=77ms v9=98ms]
  g17: seed=17042 v9=seat0, v11=seat1 steps=348 v11 WIN [p95 v11=79ms v9=99ms]
  g18: seed=18042 v11=seat0, v9=seat1 steps=321 v11 LOSS [p95 v11=62ms v9=75ms]
  g19: seed=19042 v9=seat0, v11=seat1 steps=129 v11 WIN [p95 v11=48ms v9=56ms]

--- Summary (20 games, 278.8s) ---

Elo ranking:
  v11                  elo= 1575.3  p50=    33ms  p95=    59ms
  v9                   elo= 1424.7  p50=    41ms  p95=    85ms

Head-to-head (W-L-T, row vs col):
                                  v11             v9
  v11                               —17-3-            0
  v9                  3-17-            0              —
