=== poll 1 at 22:53:38 ===
submission.py  2026-04-24 20:53:23.533000  v11: TuRBO-v3 weights (wr=1.000 vs 9-arch pool) + exp3 eta=0.3; H2H vs v9 17W-3L Elo+151                                                                                                                  SubmissionStatus.PENDING                              
submission.py  2026-04-24 18:17:25.173000  v9: v8 TuRBO-v2 weights + sim_move_variant=exp3 eta=0.3 (W4 A/B 11W-8L-1D wr=0.575 Elo+52.5; H2H vs v8 8W-6T-6L wr=0.550 Elo+7)                                                                           SubmissionStatus.COMPLETE  864.3                      
submission.py  2026-04-24 14:51:14.147000  v8: TuRBO-v2 tuned weights (18 keys, +0.233 wr vs defaults, paired-seed compare 61.7%, bundled H2H 90% vs v7)                                                                                             SubmissionStatus.COMPLETE  790.7                      
=== poll 2 at 22:58:40 ===
submission.py  2026-04-24 20:53:23.533000  v11: TuRBO-v3 weights (wr=1.000 vs 9-arch pool) + exp3 eta=0.3; H2H vs v9 17W-3L Elo+151                                                                                                                  SubmissionStatus.COMPLETE  600.0                      
submission.py  2026-04-24 18:17:25.173000  v9: v8 TuRBO-v2 weights + sim_move_variant=exp3 eta=0.3 (W4 A/B 11W-8L-1D wr=0.575 Elo+52.5; H2H vs v8 8W-6T-6L wr=0.550 Elo+7)                                                                           SubmissionStatus.COMPLETE  864.3                      
submission.py  2026-04-24 14:51:14.147000  v8: TuRBO-v2 tuned weights (18 keys, +0.233 wr vs defaults, paired-seed compare 61.7%, bundled H2H 90% vs v7)                                                                                             SubmissionStatus.COMPLETE  790.7                      
=== poll 3 at 23:03:41 ===
submission.py  2026-04-24 20:53:23.533000  v11: TuRBO-v3 weights (wr=1.000 vs 9-arch pool) + exp3 eta=0.3; H2H vs v9 17W-3L Elo+151                                                                                                                  SubmissionStatus.COMPLETE  562.2                      
submission.py  2026-04-24 18:17:25.173000  v9: v8 TuRBO-v2 weights + sim_move_variant=exp3 eta=0.3 (W4 A/B 11W-8L-1D wr=0.575 Elo+52.5; H2H vs v8 8W-6T-6L wr=0.550 Elo+7)                                                                           SubmissionStatus.COMPLETE  864.3                      
submission.py  2026-04-24 14:51:14.147000  v8: TuRBO-v2 tuned weights (18 keys, +0.233 wr vs defaults, paired-seed compare 61.7%, bundled H2H 90% vs v7)                                                                                             SubmissionStatus.COMPLETE  790.7                      
=== poll 4 at 23:08:43 ===
submission.py  2026-04-24 20:53:23.533000  v11: TuRBO-v3 weights (wr=1.000 vs 9-arch pool) + exp3 eta=0.3; H2H vs v9 17W-3L Elo+151                                                                                                                  SubmissionStatus.COMPLETE  748.2                      
submission.py  2026-04-24 18:17:25.173000  v9: v8 TuRBO-v2 weights + sim_move_variant=exp3 eta=0.3 (W4 A/B 11W-8L-1D wr=0.575 Elo+52.5; H2H vs v8 8W-6T-6L wr=0.550 Elo+7)                                                                           SubmissionStatus.COMPLETE  864.3                      
submission.py  2026-04-24 14:51:14.147000  v8: TuRBO-v2 tuned weights (18 keys, +0.233 wr vs defaults, paired-seed compare 61.7%, bundled H2H 90% vs v7)                                                                                             SubmissionStatus.COMPLETE  790.7                      
=== poll 5 at 23:13:44 ===
submission.py  2026-04-24 20:53:23.533000  v11: TuRBO-v3 weights (wr=1.000 vs 9-arch pool) + exp3 eta=0.3; H2H vs v9 17W-3L Elo+151                                                                                                                  SubmissionStatus.COMPLETE  829.6                      
submission.py  2026-04-24 18:17:25.173000  v9: v8 TuRBO-v2 weights + sim_move_variant=exp3 eta=0.3 (W4 A/B 11W-8L-1D wr=0.575 Elo+52.5; H2H vs v8 8W-6T-6L wr=0.550 Elo+7)                                                                           SubmissionStatus.COMPLETE  864.3                      
submission.py  2026-04-24 14:51:14.147000  v8: TuRBO-v2 tuned weights (18 keys, +0.233 wr vs defaults, paired-seed compare 61.7%, bundled H2H 90% vs v7)                                                                                             SubmissionStatus.COMPLETE  790.7                      
=== poll 6 at 23:18:46 ===
submission.py  2026-04-24 20:53:23.533000  v11: TuRBO-v3 weights (wr=1.000 vs 9-arch pool) + exp3 eta=0.3; H2H vs v9 17W-3L Elo+151                                                                                                                  SubmissionStatus.COMPLETE  894.4                      
submission.py  2026-04-24 18:17:25.173000  v9: v8 TuRBO-v2 weights + sim_move_variant=exp3 eta=0.3 (W4 A/B 11W-8L-1D wr=0.575 Elo+52.5; H2H vs v8 8W-6T-6L wr=0.550 Elo+7)                                                                           SubmissionStatus.COMPLETE  864.3                      
submission.py  2026-04-24 14:51:14.147000  v8: TuRBO-v2 tuned weights (18 keys, +0.233 wr vs defaults, paired-seed compare 61.7%, bundled H2H 90% vs v7)                                                                                             SubmissionStatus.COMPLETE  790.7                      
=== poll 7 at 23:23:47 ===
submission.py  2026-04-24 20:53:23.533000  v11: TuRBO-v3 weights (wr=1.000 vs 9-arch pool) + exp3 eta=0.3; H2H vs v9 17W-3L Elo+151                                                                                                                  SubmissionStatus.COMPLETE  924.0                      
submission.py  2026-04-24 18:17:25.173000  v9: v8 TuRBO-v2 weights + sim_move_variant=exp3 eta=0.3 (W4 A/B 11W-8L-1D wr=0.575 Elo+52.5; H2H vs v8 8W-6T-6L wr=0.550 Elo+7)                                                                           SubmissionStatus.COMPLETE  864.3                      
submission.py  2026-04-24 14:51:14.147000  v8: TuRBO-v2 tuned weights (18 keys, +0.233 wr vs defaults, paired-seed compare 61.7%, bundled H2H 90% vs v7)                                                                                             SubmissionStatus.COMPLETE  790.7                      
=== poll 8 at 23:28:49 ===
submission.py  2026-04-24 20:53:23.533000  v11: TuRBO-v3 weights (wr=1.000 vs 9-arch pool) + exp3 eta=0.3; H2H vs v9 17W-3L Elo+151                                                                                                                  SubmissionStatus.COMPLETE  919.5                      
submission.py  2026-04-24 18:17:25.173000  v9: v8 TuRBO-v2 weights + sim_move_variant=exp3 eta=0.3 (W4 A/B 11W-8L-1D wr=0.575 Elo+52.5; H2H vs v8 8W-6T-6L wr=0.550 Elo+7)                                                                           SubmissionStatus.COMPLETE  864.3                      
submission.py  2026-04-24 14:51:14.147000  v8: TuRBO-v2 tuned weights (18 keys, +0.233 wr vs defaults, paired-seed compare 61.7%, bundled H2H 90% vs v7)                                                                                             SubmissionStatus.COMPLETE  790.7                      
=== poll 9 at 23:33:50 ===
submission.py  2026-04-24 20:53:23.533000  v11: TuRBO-v3 weights (wr=1.000 vs 9-arch pool) + exp3 eta=0.3; H2H vs v9 17W-3L Elo+151                                                                                                                  SubmissionStatus.COMPLETE  901.0                      
submission.py  2026-04-24 18:17:25.173000  v9: v8 TuRBO-v2 weights + sim_move_variant=exp3 eta=0.3 (W4 A/B 11W-8L-1D wr=0.575 Elo+52.5; H2H vs v8 8W-6T-6L wr=0.550 Elo+7)                                                                           SubmissionStatus.COMPLETE  864.3                      
submission.py  2026-04-24 14:51:14.147000  v8: TuRBO-v2 tuned weights (18 keys, +0.233 wr vs defaults, paired-seed compare 61.7%, bundled H2H 90% vs v7)                                                                                             SubmissionStatus.COMPLETE  790.7                      
=== poll 10 at 23:38:52 ===
submission.py  2026-04-24 20:53:23.533000  v11: TuRBO-v3 weights (wr=1.000 vs 9-arch pool) + exp3 eta=0.3; H2H vs v9 17W-3L Elo+151                                                                                                                  SubmissionStatus.COMPLETE  901.0                      
submission.py  2026-04-24 18:17:25.173000  v9: v8 TuRBO-v2 weights + sim_move_variant=exp3 eta=0.3 (W4 A/B 11W-8L-1D wr=0.575 Elo+52.5; H2H vs v8 8W-6T-6L wr=0.550 Elo+7)                                                                           SubmissionStatus.COMPLETE  864.3                      
submission.py  2026-04-24 14:51:14.147000  v8: TuRBO-v2 tuned weights (18 keys, +0.233 wr vs defaults, paired-seed compare 61.7%, bundled H2H 90% vs v7)                                                                                             SubmissionStatus.COMPLETE  790.7                      
=== poll 11 at 23:43:53 ===
submission.py  2026-04-24 20:53:23.533000  v11: TuRBO-v3 weights (wr=1.000 vs 9-arch pool) + exp3 eta=0.3; H2H vs v9 17W-3L Elo+151                                                                                                                  SubmissionStatus.COMPLETE  870.2                      
submission.py  2026-04-24 18:17:25.173000  v9: v8 TuRBO-v2 weights + sim_move_variant=exp3 eta=0.3 (W4 A/B 11W-8L-1D wr=0.575 Elo+52.5; H2H vs v8 8W-6T-6L wr=0.550 Elo+7)                                                                           SubmissionStatus.COMPLETE  864.3                      
submission.py  2026-04-24 14:51:14.147000  v8: TuRBO-v2 tuned weights (18 keys, +0.233 wr vs defaults, paired-seed compare 61.7%, bundled H2H 90% vs v7)                                                                                             SubmissionStatus.COMPLETE  790.7                      
=== poll 12 at 23:48:55 ===
submission.py  2026-04-24 20:53:23.533000  v11: TuRBO-v3 weights (wr=1.000 vs 9-arch pool) + exp3 eta=0.3; H2H vs v9 17W-3L Elo+151                                                                                                                  SubmissionStatus.COMPLETE  926.0                      
submission.py  2026-04-24 18:17:25.173000  v9: v8 TuRBO-v2 weights + sim_move_variant=exp3 eta=0.3 (W4 A/B 11W-8L-1D wr=0.575 Elo+52.5; H2H vs v8 8W-6T-6L wr=0.550 Elo+7)                                                                           SubmissionStatus.COMPLETE  864.3                      
submission.py  2026-04-24 14:51:14.147000  v8: TuRBO-v2 tuned weights (18 keys, +0.233 wr vs defaults, paired-seed compare 61.7%, bundled H2H 90% vs v7)                                                                                             SubmissionStatus.COMPLETE  790.7                      
=== poll 13 at 23:53:57 ===
submission.py  2026-04-24 20:53:23.533000  v11: TuRBO-v3 weights (wr=1.000 vs 9-arch pool) + exp3 eta=0.3; H2H vs v9 17W-3L Elo+151                                                                                                                  SubmissionStatus.COMPLETE  912.9                      
submission.py  2026-04-24 18:17:25.173000  v9: v8 TuRBO-v2 weights + sim_move_variant=exp3 eta=0.3 (W4 A/B 11W-8L-1D wr=0.575 Elo+52.5; H2H vs v8 8W-6T-6L wr=0.550 Elo+7)                                                                           SubmissionStatus.COMPLETE  864.3                      
submission.py  2026-04-24 14:51:14.147000  v8: TuRBO-v2 tuned weights (18 keys, +0.233 wr vs defaults, paired-seed compare 61.7%, bundled H2H 90% vs v7)                                                                                             SubmissionStatus.COMPLETE  790.7                      
=== poll 14 at 23:58:58 ===
submission.py  2026-04-24 20:53:23.533000  v11: TuRBO-v3 weights (wr=1.000 vs 9-arch pool) + exp3 eta=0.3; H2H vs v9 17W-3L Elo+151                                                                                                                  SubmissionStatus.COMPLETE  885.6                      
submission.py  2026-04-24 18:17:25.173000  v9: v8 TuRBO-v2 weights + sim_move_variant=exp3 eta=0.3 (W4 A/B 11W-8L-1D wr=0.575 Elo+52.5; H2H vs v8 8W-6T-6L wr=0.550 Elo+7)                                                                           SubmissionStatus.COMPLETE  864.3                      
submission.py  2026-04-24 14:51:14.147000  v8: TuRBO-v2 tuned weights (18 keys, +0.233 wr vs defaults, paired-seed compare 61.7%, bundled H2H 90% vs v7)                                                                                             SubmissionStatus.COMPLETE  790.7                      
=== poll 15 at 00:04:00 ===
submission.py  2026-04-24 20:53:23.533000  v11: TuRBO-v3 weights (wr=1.000 vs 9-arch pool) + exp3 eta=0.3; H2H vs v9 17W-3L Elo+151                                                                                                                  SubmissionStatus.COMPLETE  901.5                      
submission.py  2026-04-24 18:17:25.173000  v9: v8 TuRBO-v2 weights + sim_move_variant=exp3 eta=0.3 (W4 A/B 11W-8L-1D wr=0.575 Elo+52.5; H2H vs v8 8W-6T-6L wr=0.550 Elo+7)                                                                           SubmissionStatus.COMPLETE  864.3                      
submission.py  2026-04-24 14:51:14.147000  v8: TuRBO-v2 tuned weights (18 keys, +0.233 wr vs defaults, paired-seed compare 61.7%, bundled H2H 90% vs v7)                                                                                             SubmissionStatus.COMPLETE  790.7                      
=== poll 16 at 00:09:01 ===
submission.py  2026-04-24 20:53:23.533000  v11: TuRBO-v3 weights (wr=1.000 vs 9-arch pool) + exp3 eta=0.3; H2H vs v9 17W-3L Elo+151                                                                                                                  SubmissionStatus.COMPLETE  901.3                      
submission.py  2026-04-24 18:17:25.173000  v9: v8 TuRBO-v2 weights + sim_move_variant=exp3 eta=0.3 (W4 A/B 11W-8L-1D wr=0.575 Elo+52.5; H2H vs v8 8W-6T-6L wr=0.550 Elo+7)                                                                           SubmissionStatus.COMPLETE  864.3                      
submission.py  2026-04-24 14:51:14.147000  v8: TuRBO-v2 tuned weights (18 keys, +0.233 wr vs defaults, paired-seed compare 61.7%, bundled H2H 90% vs v7)                                                                                             SubmissionStatus.COMPLETE  790.7                      
=== poll 17 at 00:14:03 ===
submission.py  2026-04-24 20:53:23.533000  v11: TuRBO-v3 weights (wr=1.000 vs 9-arch pool) + exp3 eta=0.3; H2H vs v9 17W-3L Elo+151                                                                                                                  SubmissionStatus.COMPLETE  889.4                      
submission.py  2026-04-24 18:17:25.173000  v9: v8 TuRBO-v2 weights + sim_move_variant=exp3 eta=0.3 (W4 A/B 11W-8L-1D wr=0.575 Elo+52.5; H2H vs v8 8W-6T-6L wr=0.550 Elo+7)                                                                           SubmissionStatus.COMPLETE  864.3                      
submission.py  2026-04-24 14:51:14.147000  v8: TuRBO-v2 tuned weights (18 keys, +0.233 wr vs defaults, paired-seed compare 61.7%, bundled H2H 90% vs v7)                                                                                             SubmissionStatus.COMPLETE  790.7                      
=== poll 18 at 00:19:05 ===
submission.py  2026-04-24 20:53:23.533000  v11: TuRBO-v3 weights (wr=1.000 vs 9-arch pool) + exp3 eta=0.3; H2H vs v9 17W-3L Elo+151                                                                                                                  SubmissionStatus.COMPLETE  897.6                      
submission.py  2026-04-24 18:17:25.173000  v9: v8 TuRBO-v2 weights + sim_move_variant=exp3 eta=0.3 (W4 A/B 11W-8L-1D wr=0.575 Elo+52.5; H2H vs v8 8W-6T-6L wr=0.550 Elo+7)                                                                           SubmissionStatus.COMPLETE  864.3                      
submission.py  2026-04-24 14:51:14.147000  v8: TuRBO-v2 tuned weights (18 keys, +0.233 wr vs defaults, paired-seed compare 61.7%, bundled H2H 90% vs v7)                                                                                             SubmissionStatus.COMPLETE  790.7                      
=== poll 19 at 00:24:06 ===
submission.py  2026-04-24 20:53:23.533000  v11: TuRBO-v3 weights (wr=1.000 vs 9-arch pool) + exp3 eta=0.3; H2H vs v9 17W-3L Elo+151                                                                                                                  SubmissionStatus.COMPLETE  911.3                      
submission.py  2026-04-24 18:17:25.173000  v9: v8 TuRBO-v2 weights + sim_move_variant=exp3 eta=0.3 (W4 A/B 11W-8L-1D wr=0.575 Elo+52.5; H2H vs v8 8W-6T-6L wr=0.550 Elo+7)                                                                           SubmissionStatus.COMPLETE  854.6                      
submission.py  2026-04-24 14:51:14.147000  v8: TuRBO-v2 tuned weights (18 keys, +0.233 wr vs defaults, paired-seed compare 61.7%, bundled H2H 90% vs v7)                                                                                             SubmissionStatus.COMPLETE  790.7                      
=== poll 20 at 00:29:08 ===
submission.py  2026-04-24 20:53:23.533000  v11: TuRBO-v3 weights (wr=1.000 vs 9-arch pool) + exp3 eta=0.3; H2H vs v9 17W-3L Elo+151                                                                                                                  SubmissionStatus.COMPLETE  906.5                      
submission.py  2026-04-24 18:17:25.173000  v9: v8 TuRBO-v2 weights + sim_move_variant=exp3 eta=0.3 (W4 A/B 11W-8L-1D wr=0.575 Elo+52.5; H2H vs v8 8W-6T-6L wr=0.550 Elo+7)                                                                           SubmissionStatus.COMPLETE  843.1                      
submission.py  2026-04-24 14:51:14.147000  v8: TuRBO-v2 tuned weights (18 keys, +0.233 wr vs defaults, paired-seed compare 61.7%, bundled H2H 90% vs v7)                                                                                             SubmissionStatus.COMPLETE  790.7                      
=== poll 21 at 00:34:09 ===
submission.py  2026-04-24 20:53:23.533000  v11: TuRBO-v3 weights (wr=1.000 vs 9-arch pool) + exp3 eta=0.3; H2H vs v9 17W-3L Elo+151                                                                                                                  SubmissionStatus.COMPLETE  906.5                      
submission.py  2026-04-24 18:17:25.173000  v9: v8 TuRBO-v2 weights + sim_move_variant=exp3 eta=0.3 (W4 A/B 11W-8L-1D wr=0.575 Elo+52.5; H2H vs v8 8W-6T-6L wr=0.550 Elo+7)                                                                           SubmissionStatus.COMPLETE  843.1                      
submission.py  2026-04-24 14:51:14.147000  v8: TuRBO-v2 tuned weights (18 keys, +0.233 wr vs defaults, paired-seed compare 61.7%, bundled H2H 90% vs v7)                                                                                             SubmissionStatus.COMPLETE  790.7                      
=== poll 22 at 00:39:11 ===
submission.py  2026-04-24 20:53:23.533000  v11: TuRBO-v3 weights (wr=1.000 vs 9-arch pool) + exp3 eta=0.3; H2H vs v9 17W-3L Elo+151                                                                                                                  SubmissionStatus.COMPLETE  890.4                      
submission.py  2026-04-24 18:17:25.173000  v9: v8 TuRBO-v2 weights + sim_move_variant=exp3 eta=0.3 (W4 A/B 11W-8L-1D wr=0.575 Elo+52.5; H2H vs v8 8W-6T-6L wr=0.550 Elo+7)                                                                           SubmissionStatus.COMPLETE  843.1                      
submission.py  2026-04-24 14:51:14.147000  v8: TuRBO-v2 tuned weights (18 keys, +0.233 wr vs defaults, paired-seed compare 61.7%, bundled H2H 90% vs v7)                                                                                             SubmissionStatus.COMPLETE  790.7                      
=== poll 23 at 00:44:12 ===
submission.py  2026-04-24 20:53:23.533000  v11: TuRBO-v3 weights (wr=1.000 vs 9-arch pool) + exp3 eta=0.3; H2H vs v9 17W-3L Elo+151                                                                                                                  SubmissionStatus.COMPLETE  875.5                      
submission.py  2026-04-24 18:17:25.173000  v9: v8 TuRBO-v2 weights + sim_move_variant=exp3 eta=0.3 (W4 A/B 11W-8L-1D wr=0.575 Elo+52.5; H2H vs v8 8W-6T-6L wr=0.550 Elo+7)                                                                           SubmissionStatus.COMPLETE  843.1                      
submission.py  2026-04-24 14:51:14.147000  v8: TuRBO-v2 tuned weights (18 keys, +0.233 wr vs defaults, paired-seed compare 61.7%, bundled H2H 90% vs v7)                                                                                             SubmissionStatus.COMPLETE  790.7                      
=== poll 24 at 00:49:14 ===
submission.py  2026-04-24 20:53:23.533000  v11: TuRBO-v3 weights (wr=1.000 vs 9-arch pool) + exp3 eta=0.3; H2H vs v9 17W-3L Elo+151                                                                                                                  SubmissionStatus.COMPLETE  875.5                      
submission.py  2026-04-24 18:17:25.173000  v9: v8 TuRBO-v2 weights + sim_move_variant=exp3 eta=0.3 (W4 A/B 11W-8L-1D wr=0.575 Elo+52.5; H2H vs v8 8W-6T-6L wr=0.550 Elo+7)                                                                           SubmissionStatus.COMPLETE  843.1                      
submission.py  2026-04-24 14:51:14.147000  v8: TuRBO-v2 tuned weights (18 keys, +0.233 wr vs defaults, paired-seed compare 61.7%, bundled H2H 90% vs v7)                                                                                             SubmissionStatus.COMPLETE  790.7                      
