Loading environment open_spiel_env failed: No module named 'pokerkit'
Loading environment werewolf failed: No module named 'pydantic'
Round-robin: 2 bundles, 20 games/pair, timeout=1.0s

=== v9 vs v8 (20 games) ===
  g0: seed=42 v9=seat0, v8=seat1 steps=499 v9 WIN [p95 v9=42ms v8=41ms]
  g1: seed=1042 v8=seat0, v9=seat1 steps=499 v9 TIE [p95 v9=29ms v8=29ms]
  g2: seed=2042 v9=seat0, v8=seat1 steps=499 v9 WIN [p95 v9=38ms v8=39ms]
  g3: seed=3042 v8=seat0, v9=seat1 steps=499 v9 TIE [p95 v9=78ms v8=78ms]
  g4: seed=4042 v9=seat0, v8=seat1 steps=499 v9 TIE [p95 v9=39ms v8=40ms]
  g5: seed=5042 v8=seat0, v9=seat1 steps=440 v9 WIN [p95 v9=53ms v8=53ms]
  g6: seed=6042 v9=seat0, v8=seat1 steps=499 v9 TIE [p95 v9=40ms v8=41ms]
  g7: seed=7042 v8=seat0, v9=seat1 steps=499 v9 WIN [p95 v9=47ms v8=47ms]
  g8: seed=8042 v9=seat0, v8=seat1 steps=499 v9 TIE [p95 v9=48ms v8=48ms]
  g9: seed=9042 v8=seat0, v9=seat1 steps=499 v9 LOSS [p95 v9=63ms v8=63ms]
  g10: seed=10042 v9=seat0, v8=seat1 steps=497 v9 LOSS [p95 v9=42ms v8=48ms]
  g11: seed=11042 v8=seat0, v9=seat1 steps=499 v9 WIN [p95 v9=56ms v8=54ms]
  g12: seed=12042 v9=seat0, v8=seat1 steps=499 v9 WIN [p95 v9=66ms v8=66ms]
  g13: seed=13042 v8=seat0, v9=seat1 steps=499 v9 LOSS [p95 v9=50ms v8=50ms]
  g14: seed=14042 v9=seat0, v8=seat1 steps=499 v9 LOSS [p95 v9=71ms v8=71ms]
  g15: seed=15042 v8=seat0, v9=seat1 steps=499 v9 WIN [p95 v9=98ms v8=87ms]
  g16: seed=16042 v9=seat0, v8=seat1 steps=499 v9 LOSS [p95 v9=66ms v8=65ms]
  g17: seed=17042 v8=seat0, v9=seat1 steps=499 v9 TIE [p95 v9=104ms v8=103ms]
  g18: seed=18042 v9=seat0, v8=seat1 steps=431 v9 WIN [p95 v9=74ms v8=74ms]
  g19: seed=19042 v8=seat0, v9=seat1 steps=499 v9 LOSS [p95 v9=61ms v8=60ms]

--- Summary (20 games, 828.9s) ---

Elo ranking:
  v9                   elo= 1503.5  p50=    37ms  p95=    69ms
  v8                   elo= 1496.5  p50=    37ms  p95=    69ms

Head-to-head (W-L-T, row vs col):
                                   v9             v8
  v9                                —8-6-            6
  v8                  6-8-            6              —
